2020-12-07 20:32:17,745 buaa_daka_orc INFO Detail info for daka:
2020-12-07 20:32:17,745 buaa_daka_orc INFO 姓名
2020-12-07 20:32:17,746 buaa_daka_orc INFO 身份疑似或确报时间
2020-12-07 20:32:17,746 buaa_daka_orc INFO 曾建伟ZF2021105研究生
2020-12-07 20:32:17,746 buaa_daka_orc INFO 今日未上报代填
2020-12-07 20:32:17,746 buaa_daka_orc INFO 杜巍
2020-12-07 20:32:17,747 buaa_daka_orc INFO 2021125研究生
2020-12-07 20:32:17,747 buaa_daka_orc INFO 今日未上报代填
2020-12-07 20:32:17,747 buaa_daka_orc INFO 李帅zF2021215研究生
2020-12-07 20:32:17,747 buaa_daka_orc INFO 今日未上报代填
2020-12-07 20:32:17,747 buaa_daka_orc INFO 佳莹
2020-12-07 20:32:17,748 buaa_daka_orc INFO 2021241研究生
2020-12-07 20:32:17,748 buaa_daka_orc INFO 今日未上报代填
2020-12-07 20:32:17,748 buaa_daka_orc INFO 202133
2020-12-07 20:32:17,749 buaa_daka_orc INFO 王明明
2020-12-07 20:32:17,750 buaa_daka_orc INFO 研究生
2020-12-07 20:32:17,750 buaa_daka_orc INFO 今日未上报代填
2020-12-07 20:32:17,750 buaa_daka_orc INFO 辛济远ZF2021351研究生
2020-12-07 20:32:17,751 buaa_daka_orc INFO 今日未上报代填
2020-12-07 20:32:17,751 buaa_daka_orc INFO 徐雪洁
2020-12-07 20:32:17,751 buaa_daka_orc INFO 2021401研究生
2020-12-07 20:32:17,751 buaa_daka_orc INFO 今日未上报代填
2020-12-07 20:32:17,751 buaa_daka_orc INFO 研究生
2020-12-07 20:32:17,752 buaa_daka_orc INFO 今日未上报代填
2020-12-07 20:32:17,752 buaa_daka_orc INFO 2021421研究生
2020-12-07 20:32:17,752 buaa_daka_orc INFO 今日未上报代填
2020-12-07 20:32:17,752 buaa_daka_orc INFO 2021431研究生
2020-12-07 20:32:17,752 buaa_daka_orc INFO 今日未上报代填
2020-12-07 20:32:17,753 buaa_daka_orc INFO ZF202143
2020-12-07 20:32:17,753 buaa_daka_orc INFO 研究生
2020-12-07 20:32:17,753 buaa_daka_orc INFO 今日未上报代填
2020-12-07 20:32:17,753 buaa_daka_orc INFO 202144
2020-12-07 20:32:17,753 buaa_daka_orc INFO 研究生
2020-12-07 20:32:17,754 buaa_daka_orc INFO 今日未上报代填
2020-12-07 20:32:17,754 buaa_daka_orc INFO 7
2020-12-07 20:32:17,754 buaa_daka_orc INFO 加载完成
2020-12-07 20:32:17,754 buaa_daka_orc INFO Clear info for daka:
2020-12-07 20:32:17,754 buaa_daka_orc INFO 杜巍
2020-12-07 20:32:17,754 buaa_daka_orc INFO 李帅z
2020-12-07 20:32:17,754 buaa_daka_orc INFO 佳莹
2020-12-07 20:32:17,755 buaa_daka_orc INFO 王明明
2020-12-07 20:32:17,755 buaa_daka_orc INFO 辛济远
2020-12-07 20:32:17,755 buaa_daka_orc INFO 徐雪洁
2020-12-07 20:32:17,755 buaa_daka_orc INFO Notice info is: @杜巍 @李帅z @佳莹 @王明明 @辛济远 @徐雪洁 
2020-12-07 20:33:05,362 buaa_daka_orc INFO Detail info for daka:
2020-12-07 20:33:05,362 buaa_daka_orc INFO 姓名
2020-12-07 20:33:05,362 buaa_daka_orc INFO 身份疑似或确报时间
2020-12-07 20:33:05,363 buaa_daka_orc INFO 曾建伟ZF2021105研究生
2020-12-07 20:33:05,363 buaa_daka_orc INFO 今日未上报代填
2020-12-07 20:33:05,363 buaa_daka_orc INFO 杜巍
2020-12-07 20:33:05,363 buaa_daka_orc INFO 2021125研究生
2020-12-07 20:33:05,363 buaa_daka_orc INFO 今日未上报代填
2020-12-07 20:33:05,364 buaa_daka_orc INFO 李帅zF2021215研究生
2020-12-07 20:33:05,364 buaa_daka_orc INFO 今日未上报代填
2020-12-07 20:33:05,364 buaa_daka_orc INFO 佳莹
2020-12-07 20:33:05,364 buaa_daka_orc INFO 2021241研究生
2020-12-07 20:33:05,364 buaa_daka_orc INFO 今日未上报代填
2020-12-07 20:33:05,365 buaa_daka_orc INFO 202133
2020-12-07 20:33:05,365 buaa_daka_orc INFO 王明明
2020-12-07 20:33:05,365 buaa_daka_orc INFO 研究生
2020-12-07 20:33:05,365 buaa_daka_orc INFO 今日未上报代填
2020-12-07 20:33:05,365 buaa_daka_orc INFO 辛济远ZF2021351研究生
2020-12-07 20:33:05,365 buaa_daka_orc INFO 今日未上报代填
2020-12-07 20:33:05,365 buaa_daka_orc INFO 徐雪洁
2020-12-07 20:33:05,366 buaa_daka_orc INFO 2021401研究生
2020-12-07 20:33:05,366 buaa_daka_orc INFO 今日未上报代填
2020-12-07 20:33:05,366 buaa_daka_orc INFO 研究生
2020-12-07 20:33:05,366 buaa_daka_orc INFO 今日未上报代填
2020-12-07 20:33:05,366 buaa_daka_orc INFO 2021421研究生
2020-12-07 20:33:05,366 buaa_daka_orc INFO 今日未上报代填
2020-12-07 20:33:05,367 buaa_daka_orc INFO 2021431研究生
2020-12-07 20:33:05,367 buaa_daka_orc INFO 今日未上报代填
2020-12-07 20:33:05,367 buaa_daka_orc INFO ZF202143
2020-12-07 20:33:05,367 buaa_daka_orc INFO 研究生
2020-12-07 20:33:05,368 buaa_daka_orc INFO 今日未上报代填
2020-12-07 20:33:05,368 buaa_daka_orc INFO 202144
2020-12-07 20:33:05,368 buaa_daka_orc INFO 研究生
2020-12-07 20:33:05,368 buaa_daka_orc INFO 今日未上报代填
2020-12-07 20:33:05,368 buaa_daka_orc INFO 7
2020-12-07 20:33:05,369 buaa_daka_orc INFO 加载完成
2020-12-07 20:33:05,369 buaa_daka_orc INFO Clear info for daka:
2020-12-07 20:33:05,369 buaa_daka_orc INFO 杜巍
2020-12-07 20:33:05,369 buaa_daka_orc INFO 李帅z
2020-12-07 20:33:05,369 buaa_daka_orc INFO 佳莹
2020-12-07 20:33:05,369 buaa_daka_orc INFO 王明明
2020-12-07 20:33:05,370 buaa_daka_orc INFO 辛济远
2020-12-07 20:33:05,370 buaa_daka_orc INFO 徐雪洁
2020-12-07 20:33:05,370 buaa_daka_orc INFO Notice info is: @杜巍 @李帅z @佳莹 @王明明 @辛济远 @徐雪洁 
2020-12-07 20:35:05,383 buaa_daka_orc INFO Detail info for daka:
2020-12-07 20:35:05,385 buaa_daka_orc INFO 姓名
2020-12-07 20:35:05,385 buaa_daka_orc INFO 身份疑似或确上报时间
2020-12-07 20:35:05,385 buaa_daka_orc INFO 曾建伟ZF2021105研究生
2020-12-07 20:35:05,385 buaa_daka_orc INFO 今日未上报代填
2020-12-07 20:35:05,385 buaa_daka_orc INFO 杜巍ZF2021125研究生
2020-12-07 20:35:05,386 buaa_daka_orc INFO 今日未上报代填
2020-12-07 20:35:05,386 buaa_daka_orc INFO 今日未上报代填
2020-12-07 20:35:05,386 buaa_daka_orc INFO 王明明
2020-12-07 20:35:05,386 buaa_daka_orc INFO 202133
2020-12-07 20:35:05,386 buaa_daka_orc INFO 今日未上报代填
2020-12-07 20:35:05,387 buaa_daka_orc INFO 3
2020-12-07 20:35:05,387 buaa_daka_orc INFO 徐雪洁zF2021401研究生
2020-12-07 20:35:05,387 buaa_daka_orc INFO 今日未上报代填
2020-12-07 20:35:05,387 buaa_daka_orc INFO 杨新明
2020-12-07 20:35:05,387 buaa_daka_orc INFO 202140
2020-12-07 20:35:05,387 buaa_daka_orc INFO 研究生
2020-12-07 20:35:05,388 buaa_daka_orc INFO 今日未上报代填
2020-12-07 20:35:05,388 buaa_daka_orc INFO 张静慈
2020-12-07 20:35:05,388 buaa_daka_orc INFO 2021421研究生
2020-12-07 20:35:05,388 buaa_daka_orc INFO 今日未上报代填
2020-12-07 20:35:05,388 buaa_daka_orc INFO 张宇园zF2021431研究生
2020-12-07 20:35:05,389 buaa_daka_orc INFO 今日未上报代填
2020-12-07 20:35:05,389 buaa_daka_orc INFO 赵盼
2020-12-07 20:35:05,389 buaa_daka_orc INFO 202143
2020-12-07 20:35:05,390 buaa_daka_orc INFO 研究生
2020-12-07 20:35:05,390 buaa_daka_orc INFO 今日未上报代填
2020-12-07 20:35:05,390 buaa_daka_orc INFO 202144
2020-12-07 20:35:05,390 buaa_daka_orc INFO 郑皓广
2020-12-07 20:35:05,390 buaa_daka_orc INFO 研究生
2020-12-07 20:35:05,390 buaa_daka_orc INFO 今日未上报代填
2020-12-07 20:35:05,391 buaa_daka_orc INFO Clear info for daka:
2020-12-07 20:35:05,391 buaa_daka_orc INFO 杜巍
2020-12-07 20:35:05,391 buaa_daka_orc INFO 王明明
2020-12-07 20:35:05,391 buaa_daka_orc INFO 徐雪洁z
2020-12-07 20:35:05,391 buaa_daka_orc INFO 杨新明
2020-12-07 20:35:05,391 buaa_daka_orc INFO 张静慈
2020-12-07 20:35:05,392 buaa_daka_orc INFO 张宇园z
2020-12-07 20:35:05,392 buaa_daka_orc INFO 赵盼
2020-12-07 20:35:05,392 buaa_daka_orc INFO 郑皓广
2020-12-07 20:35:05,392 buaa_daka_orc INFO Notice info is: @杜巍 @王明明 @徐雪洁z @杨新明 @张静慈 @张宇园z @赵盼 @郑皓广 
2020-12-07 20:35:58,939 buaa_daka_orc INFO Detail info for daka:
2020-12-07 20:35:58,940 buaa_daka_orc INFO 姓名
2020-12-07 20:35:58,941 buaa_daka_orc INFO 身份疑似或确上报时间
2020-12-07 20:35:58,941 buaa_daka_orc INFO 曾建伟ZF2021105研究生
2020-12-07 20:35:58,941 buaa_daka_orc INFO 今日未上报代填
2020-12-07 20:35:58,941 buaa_daka_orc INFO 杜巍ZF2021125研究生
2020-12-07 20:35:58,941 buaa_daka_orc INFO 今日未上报代填
2020-12-07 20:35:58,942 buaa_daka_orc INFO 今日未上报代填
2020-12-07 20:35:58,942 buaa_daka_orc INFO 王明明
2020-12-07 20:35:58,942 buaa_daka_orc INFO 202133
2020-12-07 20:35:58,942 buaa_daka_orc INFO 今日未上报代填
2020-12-07 20:35:58,942 buaa_daka_orc INFO 3
2020-12-07 20:35:58,942 buaa_daka_orc INFO 徐雪洁zF2021401研究生
2020-12-07 20:35:58,943 buaa_daka_orc INFO 今日未上报代填
2020-12-07 20:35:58,943 buaa_daka_orc INFO 杨新明
2020-12-07 20:35:58,943 buaa_daka_orc INFO 202140
2020-12-07 20:35:58,943 buaa_daka_orc INFO 研究生
2020-12-07 20:35:58,944 buaa_daka_orc INFO 今日未上报代填
2020-12-07 20:35:58,944 buaa_daka_orc INFO 张静慈
2020-12-07 20:35:58,944 buaa_daka_orc INFO 2021421研究生
2020-12-07 20:35:58,944 buaa_daka_orc INFO 今日未上报代填
2020-12-07 20:35:58,944 buaa_daka_orc INFO 张宇园zF2021431研究生
2020-12-07 20:35:58,944 buaa_daka_orc INFO 今日未上报代填
2020-12-07 20:35:58,945 buaa_daka_orc INFO 赵盼
2020-12-07 20:35:58,945 buaa_daka_orc INFO 202143
2020-12-07 20:35:58,945 buaa_daka_orc INFO 研究生
2020-12-07 20:35:58,945 buaa_daka_orc INFO 今日未上报代填
2020-12-07 20:35:58,945 buaa_daka_orc INFO 202144
2020-12-07 20:35:58,945 buaa_daka_orc INFO 郑皓广
2020-12-07 20:35:58,946 buaa_daka_orc INFO 研究生
2020-12-07 20:35:58,946 buaa_daka_orc INFO 今日未上报代填
2020-12-07 20:35:58,946 buaa_daka_orc INFO Clear info for daka:
2020-12-07 20:35:58,946 buaa_daka_orc INFO 杜巍
2020-12-07 20:35:58,946 buaa_daka_orc INFO 王明明
2020-12-07 20:35:58,946 buaa_daka_orc INFO 徐雪洁
2020-12-07 20:35:58,947 buaa_daka_orc INFO 杨新明
2020-12-07 20:35:58,947 buaa_daka_orc INFO 张静慈
2020-12-07 20:35:58,947 buaa_daka_orc INFO 张宇园
2020-12-07 20:35:58,947 buaa_daka_orc INFO 赵盼
2020-12-07 20:35:58,947 buaa_daka_orc INFO 郑皓广
2020-12-07 20:35:58,947 buaa_daka_orc INFO Notice info is: @杜巍 @王明明 @徐雪洁 @杨新明 @张静慈 @张宇园 @赵盼 @郑皓广 
2020-12-07 20:37:17,377 buaa_daka_orc INFO Detail info for daka:
2020-12-07 20:37:17,377 buaa_daka_orc INFO 姓名
2020-12-07 20:37:21,945 buaa_daka_orc INFO 身份疑似或确上报时间
2020-12-07 20:37:23,591 buaa_daka_orc INFO 曾建伟ZF2021105研究生
2020-12-07 20:38:06,400 buaa_daka_orc INFO Detail info for daka:
2020-12-07 20:38:06,401 buaa_daka_orc INFO 姓名
2020-12-07 20:38:06,401 buaa_daka_orc INFO 身份疑似或确上报时间
2020-12-07 20:38:06,401 buaa_daka_orc INFO 曾建伟ZF2021105研究生
2020-12-07 20:38:06,401 buaa_daka_orc INFO 今日未上报代填
2020-12-07 20:38:06,402 buaa_daka_orc INFO 杜巍ZF2021125研究生
2020-12-07 20:38:06,402 buaa_daka_orc INFO 今日未上报代填
2020-12-07 20:38:06,402 buaa_daka_orc INFO 今日未上报代填
2020-12-07 20:38:06,402 buaa_daka_orc INFO 王明明
2020-12-07 20:38:06,402 buaa_daka_orc INFO 202133
2020-12-07 20:38:06,403 buaa_daka_orc INFO 今日未上报代填
2020-12-07 20:38:06,403 buaa_daka_orc INFO 3
2020-12-07 20:38:06,403 buaa_daka_orc INFO 徐雪洁zF2021401研究生
2020-12-07 20:38:06,403 buaa_daka_orc INFO 今日未上报代填
2020-12-07 20:38:06,403 buaa_daka_orc INFO 杨新明
2020-12-07 20:38:06,404 buaa_daka_orc INFO 202140
2020-12-07 20:38:06,404 buaa_daka_orc INFO 研究生
2020-12-07 20:38:06,404 buaa_daka_orc INFO 今日未上报代填
2020-12-07 20:38:06,405 buaa_daka_orc INFO 张静慈
2020-12-07 20:38:06,405 buaa_daka_orc INFO 2021421研究生
2020-12-07 20:38:06,405 buaa_daka_orc INFO 今日未上报代填
2020-12-07 20:38:06,405 buaa_daka_orc INFO 张宇园zF2021431研究生
2020-12-07 20:38:06,406 buaa_daka_orc INFO 今日未上报代填
2020-12-07 20:38:06,406 buaa_daka_orc INFO 赵盼
2020-12-07 20:38:06,406 buaa_daka_orc INFO 202143
2020-12-07 20:38:06,406 buaa_daka_orc INFO 研究生
2020-12-07 20:38:06,407 buaa_daka_orc INFO 今日未上报代填
2020-12-07 20:38:06,407 buaa_daka_orc INFO 202144
2020-12-07 20:38:06,407 buaa_daka_orc INFO 郑皓广
2020-12-07 20:38:06,407 buaa_daka_orc INFO 研究生
2020-12-07 20:38:06,407 buaa_daka_orc INFO 今日未上报代填
2020-12-07 20:38:06,407 buaa_daka_orc INFO Clear info for daka:
2020-12-07 20:38:06,407 buaa_daka_orc INFO 曾建伟
2020-12-07 20:38:06,408 buaa_daka_orc INFO 杜巍
2020-12-07 20:38:06,408 buaa_daka_orc INFO 王明明
2020-12-07 20:38:06,408 buaa_daka_orc INFO 徐雪洁
2020-12-07 20:38:06,408 buaa_daka_orc INFO 杨新明
2020-12-07 20:38:06,408 buaa_daka_orc INFO 张静慈
2020-12-07 20:38:06,408 buaa_daka_orc INFO 张宇园
2020-12-07 20:38:06,409 buaa_daka_orc INFO 赵盼
2020-12-07 20:38:06,409 buaa_daka_orc INFO 郑皓广
2020-12-07 20:38:06,409 buaa_daka_orc INFO Notice info is: @曾建伟 @杜巍 @王明明 @徐雪洁 @杨新明 @张静慈 @张宇园 @赵盼 @郑皓广 
2020-12-07 20:38:51,991 buaa_daka_orc INFO Detail info for daka:
2020-12-07 20:38:51,992 buaa_daka_orc INFO 姓名
2020-12-07 20:38:51,992 buaa_daka_orc INFO 身份疑似或确报时间
2020-12-07 20:38:51,992 buaa_daka_orc INFO 曾建伟ZF2021105研究生
2020-12-07 20:38:51,992 buaa_daka_orc INFO 今日未上报代填
2020-12-07 20:38:51,993 buaa_daka_orc INFO 杜巍
2020-12-07 20:38:51,993 buaa_daka_orc INFO 2021125研究生
2020-12-07 20:38:51,993 buaa_daka_orc INFO 今日未上报代填
2020-12-07 20:38:51,994 buaa_daka_orc INFO 李帅zF2021215研究生
2020-12-07 20:38:51,994 buaa_daka_orc INFO 今日未上报代填
2020-12-07 20:38:51,994 buaa_daka_orc INFO 佳莹
2020-12-07 20:38:51,994 buaa_daka_orc INFO 2021241研究生
2020-12-07 20:38:51,994 buaa_daka_orc INFO 今日未上报代填
2020-12-07 20:38:51,995 buaa_daka_orc INFO 202133
2020-12-07 20:38:51,995 buaa_daka_orc INFO 王明明
2020-12-07 20:38:51,995 buaa_daka_orc INFO 研究生
2020-12-07 20:38:51,995 buaa_daka_orc INFO 今日未上报代填
2020-12-07 20:38:51,995 buaa_daka_orc INFO 辛济远ZF2021351研究生
2020-12-07 20:38:51,995 buaa_daka_orc INFO 今日未上报代填
2020-12-07 20:38:51,996 buaa_daka_orc INFO 徐雪洁
2020-12-07 20:38:51,996 buaa_daka_orc INFO 2021401研究生
2020-12-07 20:38:51,996 buaa_daka_orc INFO 今日未上报代填
2020-12-07 20:38:51,996 buaa_daka_orc INFO 研究生
2020-12-07 20:38:51,996 buaa_daka_orc INFO 今日未上报代填
2020-12-07 20:38:51,996 buaa_daka_orc INFO 2021421研究生
2020-12-07 20:38:51,997 buaa_daka_orc INFO 今日未上报代填
2020-12-07 20:38:51,997 buaa_daka_orc INFO 2021431研究生
2020-12-07 20:38:51,997 buaa_daka_orc INFO 今日未上报代填
2020-12-07 20:38:51,997 buaa_daka_orc INFO ZF202143
2020-12-07 20:38:51,997 buaa_daka_orc INFO 研究生
2020-12-07 20:38:51,997 buaa_daka_orc INFO 今日未上报代填
2020-12-07 20:38:51,998 buaa_daka_orc INFO 202144
2020-12-07 20:38:51,998 buaa_daka_orc INFO 研究生
2020-12-07 20:38:51,998 buaa_daka_orc INFO 今日未上报代填
2020-12-07 20:38:51,998 buaa_daka_orc INFO 7
2020-12-07 20:38:51,998 buaa_daka_orc INFO 加载完成
2020-12-07 20:38:51,998 buaa_daka_orc INFO Clear info for daka:
2020-12-07 20:38:51,999 buaa_daka_orc INFO 曾建伟
2020-12-07 20:38:51,999 buaa_daka_orc INFO 杜巍
2020-12-07 20:38:51,999 buaa_daka_orc INFO 李帅
2020-12-07 20:38:51,999 buaa_daka_orc INFO 佳莹
2020-12-07 20:38:51,999 buaa_daka_orc INFO 王明明
2020-12-07 20:38:51,999 buaa_daka_orc INFO 辛济远
2020-12-07 20:38:51,999 buaa_daka_orc INFO 徐雪洁
2020-12-07 20:38:52,000 buaa_daka_orc INFO Notice info is: @曾建伟 @杜巍 @李帅 @佳莹 @王明明 @辛济远 @徐雪洁 
2020-12-07 20:39:44,378 buaa_daka_orc INFO Detail info for daka:
2020-12-07 20:39:44,379 buaa_daka_orc INFO 姓名
2020-12-07 20:39:44,379 buaa_daka_orc INFO 身份疑似或确上报时间
2020-12-07 20:39:44,379 buaa_daka_orc INFO 曾建伟ZF2021105研究生
2020-12-07 20:39:44,379 buaa_daka_orc INFO 今日未上报代填
2020-12-07 20:39:44,380 buaa_daka_orc INFO 杜巍ZF2021125研究生
2020-12-07 20:39:44,380 buaa_daka_orc INFO 今日未上报代填
2020-12-07 20:39:44,380 buaa_daka_orc INFO 今日未上报代填
2020-12-07 20:39:44,380 buaa_daka_orc INFO 王明明
2020-12-07 20:39:44,380 buaa_daka_orc INFO 202133
2020-12-07 20:39:44,380 buaa_daka_orc INFO 今日未上报代填
2020-12-07 20:39:44,381 buaa_daka_orc INFO 3
2020-12-07 20:39:44,381 buaa_daka_orc INFO 徐雪洁zF2021401研究生
2020-12-07 20:39:44,381 buaa_daka_orc INFO 今日未上报代填
2020-12-07 20:39:44,381 buaa_daka_orc INFO 杨新明
2020-12-07 20:39:44,381 buaa_daka_orc INFO 202140
2020-12-07 20:39:44,381 buaa_daka_orc INFO 研究生
2020-12-07 20:39:44,381 buaa_daka_orc INFO 今日未上报代填
2020-12-07 20:39:44,382 buaa_daka_orc INFO 张静慈
2020-12-07 20:39:44,382 buaa_daka_orc INFO 2021421研究生
2020-12-07 20:39:44,382 buaa_daka_orc INFO 今日未上报代填
2020-12-07 20:39:44,382 buaa_daka_orc INFO 张宇园zF2021431研究生
2020-12-07 20:39:44,382 buaa_daka_orc INFO 今日未上报代填
2020-12-07 20:39:44,382 buaa_daka_orc INFO 赵盼
2020-12-07 20:39:44,383 buaa_daka_orc INFO 202143
2020-12-07 20:39:44,383 buaa_daka_orc INFO 研究生
2020-12-07 20:39:44,383 buaa_daka_orc INFO 今日未上报代填
2020-12-07 20:39:44,383 buaa_daka_orc INFO 202144
2020-12-07 20:39:44,383 buaa_daka_orc INFO 郑皓广
2020-12-07 20:39:44,383 buaa_daka_orc INFO 研究生
2020-12-07 20:39:44,383 buaa_daka_orc INFO 今日未上报代填
2020-12-07 20:39:44,384 buaa_daka_orc INFO Clear info for daka:
2020-12-07 20:39:44,384 buaa_daka_orc INFO 曾建伟
2020-12-07 20:39:44,384 buaa_daka_orc INFO 杜巍
2020-12-07 20:39:44,384 buaa_daka_orc INFO 王明明
2020-12-07 20:39:44,384 buaa_daka_orc INFO 徐雪洁
2020-12-07 20:39:44,384 buaa_daka_orc INFO 杨新明
2020-12-07 20:39:44,384 buaa_daka_orc INFO 张静慈
2020-12-07 20:39:44,385 buaa_daka_orc INFO 张宇园
2020-12-07 20:39:44,385 buaa_daka_orc INFO 赵盼
2020-12-07 20:39:44,385 buaa_daka_orc INFO 郑皓广
2020-12-07 20:39:44,385 buaa_daka_orc INFO Notice info is: @曾建伟 @杜巍 @王明明 @徐雪洁 @杨新明 @张静慈 @张宇园 @赵盼 @郑皓广 
