2020-12-07 21:03:25,642 get_daka INFO Detail info for daka:
2020-12-07 21:03:25,646 get_daka INFO 姓名
2020-12-07 21:03:25,647 get_daka INFO 身份疑似或确报时间
2020-12-07 21:03:25,647 get_daka INFO 曾建伟ZF2021105研究生
2020-12-07 21:03:25,653 get_daka INFO 今日未上报代填
2020-12-07 21:03:25,654 get_daka INFO 杜巍
2020-12-07 21:03:25,654 get_daka INFO 2021125研究生
2020-12-07 21:03:25,656 get_daka INFO 今日未上报代填
2020-12-07 21:03:25,657 get_daka INFO 李帅zF2021215研究生
2020-12-07 21:03:25,660 get_daka INFO 今日未上报代填
2020-12-07 21:03:25,661 get_daka INFO 佳莹
2020-12-07 21:03:25,662 get_daka INFO 2021241研究生
2020-12-07 21:03:25,662 get_daka INFO 今日未上报代填
2020-12-07 21:03:25,662 get_daka INFO 202133
2020-12-07 21:03:25,663 get_daka INFO 王明明
2020-12-07 21:03:25,663 get_daka INFO 研究生
2020-12-07 21:03:25,663 get_daka INFO 今日未上报代填
2020-12-07 21:03:25,664 get_daka INFO 辛济远ZF2021351研究生
2020-12-07 21:03:25,664 get_daka INFO 今日未上报代填
2020-12-07 21:03:25,664 get_daka INFO 徐雪洁
2020-12-07 21:03:25,665 get_daka INFO 2021401研究生
2020-12-07 21:03:25,665 get_daka INFO 今日未上报代填
2020-12-07 21:03:25,665 get_daka INFO 研究生
2020-12-07 21:03:25,666 get_daka INFO 今日未上报代填
2020-12-07 21:03:25,666 get_daka INFO 2021421研究生
2020-12-07 21:03:25,666 get_daka INFO 今日未上报代填
2020-12-07 21:03:25,667 get_daka INFO 2021431研究生
2020-12-07 21:03:25,667 get_daka INFO 今日未上报代填
2020-12-07 21:03:25,667 get_daka INFO ZF202143
2020-12-07 21:03:25,668 get_daka INFO 研究生
2020-12-07 21:03:25,668 get_daka INFO 今日未上报代填
2020-12-07 21:03:25,670 get_daka INFO 202144
2020-12-07 21:03:25,671 get_daka INFO 研究生
2020-12-07 21:03:25,672 get_daka INFO 今日未上报代填
2020-12-07 21:03:25,672 get_daka INFO 7
2020-12-07 21:03:25,672 get_daka INFO 加载完成
2020-12-07 21:03:25,673 get_daka INFO Clear info for daka:
2020-12-07 21:03:25,673 get_daka INFO 曾建伟
2020-12-07 21:03:25,674 get_daka INFO 杜巍
2020-12-07 21:03:25,674 get_daka INFO 李帅
2020-12-07 21:03:25,674 get_daka INFO 佳莹
2020-12-07 21:03:25,675 get_daka INFO 王明明
2020-12-07 21:03:25,675 get_daka INFO 辛济远
2020-12-07 21:03:25,675 get_daka INFO 徐雪洁
2020-12-07 21:03:34,493 get_daka INFO Notice info is: @曾建伟 @杜巍 @李帅 @佳莹 @王明明 @辛济远 @徐雪洁 
2020-12-07 22:12:16,079 get_daka INFO Detail info for daka:
2020-12-07 22:12:16,081 get_daka INFO 18:43°nl:a104KB/s8
2020-12-07 22:12:16,081 get_daka INFO @⑧客无障碍(85
2020-12-07 22:12:16,082 get_daka INFO <疫情防控通
2020-12-07 22:12:16,082 get_daka INFO 姓名学号身份
2020-12-07 22:12:16,082 get_daka INFO 疑似或上报时
2020-12-07 22:12:16,083 get_daka INFO 确诊
2020-12-07 22:12:16,083 get_daka INFO 间
2020-12-07 22:12:16,083 get_daka INFO 勾涣舒
2020-12-07 22:12:16,084 get_daka INFO ZF20211
2020-12-07 22:12:16,085 get_daka INFO 42
2020-12-07 22:12:16,085 get_daka INFO 研究生
2020-12-07 22:12:16,086 get_daka INFO 今日未上「代填
2020-12-07 22:12:16,086 get_daka INFO 报
2020-12-07 22:12:16,087 get_daka INFO 黄小钒-2021研究生
2020-12-07 22:12:16,087 get_daka INFO 今日未上
2020-12-07 22:12:16,088 get_daka INFO 报
2020-12-07 22:12:16,088 get_daka INFO 代填
2020-12-07 22:12:16,088 get_daka INFO 李光通
2020-12-07 22:12:16,089 get_daka INFO ZF20212
2020-12-07 22:12:16,089 get_daka INFO 05
2020-12-07 22:12:16,090 get_daka INFO 研究生
2020-12-07 22:12:16,090 get_daka INFO 今日未上「代填
2020-12-07 22:12:16,090 get_daka INFO 报
2020-12-07 22:12:16,091 get_daka INFO 李伟
2020-12-07 22:12:16,092 get_daka INFO ZF20212
2020-12-07 22:12:16,093 get_daka INFO 17
2020-12-07 22:12:16,093 get_daka INFO 研究生
2020-12-07 22:12:16,094 get_daka INFO 今日未上代填
2020-12-07 22:12:16,094 get_daka INFO 报
2020-12-07 22:12:16,095 get_daka INFO 李延泽
2020-12-07 22:12:16,095 get_daka INFO ZF20212
2020-12-07 22:12:16,095 get_daka INFO 19
2020-12-07 22:12:16,096 get_daka INFO 研究生
2020-12-07 22:12:16,096 get_daka INFO 今日未上代填
2020-12-07 22:12:16,096 get_daka INFO 报
2020-12-07 22:12:16,097 get_daka INFO ZF20212
2020-12-07 22:12:16,097 get_daka INFO 孟令页
2020-12-07 22:12:16,097 get_daka INFO 49
2020-12-07 22:12:16,098 get_daka INFO 研究生
2020-12-07 22:12:16,098 get_daka INFO 今日未上代填
2020-12-07 22:12:16,098 get_daka INFO 报
2020-12-07 22:12:16,099 get_daka INFO 邱晓英
2020-12-07 22:12:16,099 get_daka INFO ZF20213
2020-12-07 22:12:16,099 get_daka INFO 03
2020-12-07 22:12:16,099 get_daka INFO 研究生
2020-12-07 22:12:16,100 get_daka INFO 今日未上代填
2020-12-07 22:12:16,100 get_daka INFO 报
2020-12-07 22:12:16,100 get_daka INFO 渠小萌220213研究生
2020-12-07 22:12:16,101 get_daka INFO 今日未上「代填
2020-12-07 22:12:16,101 get_daka INFO 孙敬懿
2020-12-07 22:12:16,102 get_daka INFO ZF20213
2020-12-07 22:12:16,102 get_daka INFO 2
2020-12-07 22:12:16,103 get_daka INFO 研究生
2020-12-07 22:12:16,103 get_daka INFO 今日未上代填
2020-12-07 22:12:16,103 get_daka INFO 报
2020-12-07 22:12:16,104 get_daka INFO 王茂军
2020-12-07 22:12:16,104 get_daka INFO ZF20213
2020-12-07 22:12:16,105 get_daka INFO 32
2020-12-07 22:12:16,105 get_daka INFO 研究生
2020-12-07 22:12:16,105 get_daka INFO 今日未上代填
2020-12-07 22:12:16,106 get_daka INFO 报
2020-12-07 22:12:16,106 get_daka INFO 王晓雷
2020-12-07 22:12:16,107 get_daka INFO ZF20213
2020-12-07 22:12:16,107 get_daka INFO 40
2020-12-07 22:12:16,108 get_daka INFO 研究生
2020-12-07 22:12:16,108 get_daka INFO 今日未上代填
2020-12-07 22:12:16,109 get_daka INFO 报
2020-12-07 22:12:16,110 get_daka INFO 王岩清
2020-12-07 22:12:16,110 get_daka INFO ZF20213
2020-12-07 22:12:16,111 get_daka INFO 42
2020-12-07 22:12:16,111 get_daka INFO 研究生
2020-12-07 22:12:16,112 get_daka INFO 今日未上代填
2020-12-07 22:12:16,112 get_daka INFO 报
2020-12-07 22:12:16,112 get_daka INFO 薛超
2020-12-07 22:12:16,113 get_daka INFO ZF20214
2020-12-07 22:12:16,113 get_daka INFO 研究生
2020-12-07 22:12:16,113 get_daka INFO 今日未上
2020-12-07 22:12:16,114 get_daka INFO 报
2020-12-07 22:12:16,114 get_daka INFO 代填
2020-12-07 22:12:16,114 get_daka INFO 杨富盛
2020-12-07 22:12:16,115 get_daka INFO ZF20214
2020-12-07 22:12:16,115 get_daka INFO 07
2020-12-07 22:12:16,115 get_daka INFO 研究生
2020-12-07 22:12:16,116 get_daka INFO 今日未上「代填
2020-12-07 22:12:16,116 get_daka INFO 报
2020-12-07 22:12:16,116 get_daka INFO ZF20214
2020-12-07 22:12:16,117 get_daka INFO 张涛
2020-12-07 22:12:16,117 get_daka INFO 27
2020-12-07 22:12:16,117 get_daka INFO 研究生
2020-12-07 22:12:16,117 get_daka INFO 今日未上代填
2020-12-07 22:12:16,118 get_daka INFO 报
2020-12-07 22:12:16,118 get_daka INFO 赵逢春
2020-12-07 22:12:16,118 get_daka INFO ZF20214
2020-12-07 22:12:16,119 get_daka INFO 今日未上
2020-12-07 22:12:16,119 get_daka INFO 35
2020-12-07 22:12:16,120 get_daka INFO 研究生
2020-12-07 22:12:16,120 get_daka INFO 报
2020-12-07 22:12:16,121 get_daka INFO 代填
2020-12-07 22:12:16,122 get_daka INFO 赵高锋
2020-12-07 22:12:16,123 get_daka INFO ZF20214
2020-12-07 22:12:16,124 get_daka INFO 36
2020-12-07 22:12:16,125 get_daka INFO 研究生
2020-12-07 22:12:16,125 get_daka INFO 今日未上
2020-12-07 22:12:16,125 get_daka INFO 报
2020-12-07 22:12:16,126 get_daka INFO 代填
2020-12-07 22:12:16,128 get_daka INFO 赵金夺
2020-12-07 22:12:16,129 get_daka INFO ZF20214
2020-12-07 22:12:16,129 get_daka INFO 37
2020-12-07 22:12:16,130 get_daka INFO 研究生
2020-12-07 22:12:16,131 get_daka INFO 今日未上代填
2020-12-07 22:12:16,131 get_daka INFO 报
2020-12-07 22:12:16,131 get_daka INFO 赵盼
2020-12-07 22:12:16,132 get_daka INFO ZF20214
2020-12-07 22:12:16,132 get_daka INFO 38
2020-12-07 22:12:16,132 get_daka INFO 研究生
2020-12-07 22:12:16,133 get_daka INFO 今日未上代填
2020-12-07 22:12:16,133 get_daka INFO 报
2020-12-07 22:12:16,133 get_daka INFO 庄东燃220214研究生
2020-12-07 22:12:16,134 get_daka INFO 今日未上「代填
2020-12-07 22:12:16,134 get_daka INFO 报
2020-12-07 22:12:16,134 get_daka INFO Clear info for daka:
2020-12-07 22:12:16,135 get_daka INFO 勾涣舒
2020-12-07 22:12:16,135 get_daka INFO 黄小钒
2020-12-07 22:12:16,135 get_daka INFO 李光通
2020-12-07 22:12:16,135 get_daka INFO 李伟
2020-12-07 22:12:16,136 get_daka INFO 李延泽
2020-12-07 22:12:16,137 get_daka INFO 孟令页
2020-12-07 22:12:16,139 get_daka INFO 邱晓英
2020-12-07 22:12:16,140 get_daka INFO 渠小萌
2020-12-07 22:12:16,141 get_daka INFO 孙敬懿
2020-12-07 22:12:16,141 get_daka INFO 王茂军
2020-12-07 22:12:16,142 get_daka INFO 王晓雷
2020-12-07 22:12:16,143 get_daka INFO 王岩清
2020-12-07 22:12:16,144 get_daka INFO 薛超
2020-12-07 22:12:16,144 get_daka INFO 杨富盛
2020-12-07 22:12:16,145 get_daka INFO 张涛
2020-12-07 22:12:16,145 get_daka INFO 赵逢春
2020-12-07 22:12:16,146 get_daka INFO 赵高锋
2020-12-07 22:12:16,147 get_daka INFO 赵金夺
2020-12-07 22:12:16,147 get_daka INFO 赵盼
2020-12-07 22:12:16,147 get_daka INFO 庄东燃
2020-12-07 22:12:43,426 get_daka INFO Notice info is: @勾涣舒 @黄小钒 @李光通 @李伟 @李延泽 @孟令页 @邱晓英 @渠小萌 @孙敬懿 @王茂军 @王晓雷 @王岩清 @薛超 @杨富盛 @张涛 @赵逢春 @赵高锋 @赵金夺 @赵盼 @庄东燃 
2020-12-07 22:42:26,637 get_daka INFO Detail info for daka:
2020-12-07 22:42:26,647 get_daka INFO 18:43°nl:a104KB/s8
2020-12-07 22:42:26,650 get_daka INFO @⑧客无障碍(85
2020-12-07 22:42:26,651 get_daka INFO <疫情防控通
2020-12-07 22:42:26,651 get_daka INFO 姓名学号身份
2020-12-07 22:42:26,652 get_daka INFO 疑似或上报时
2020-12-07 22:42:26,653 get_daka INFO 确诊
2020-12-07 22:42:26,654 get_daka INFO 间
2020-12-07 22:42:26,654 get_daka INFO 勾涣舒
2020-12-07 22:42:26,656 get_daka INFO ZF20211
2020-12-07 22:42:26,657 get_daka INFO 42
2020-12-07 22:42:26,658 get_daka INFO 研究生
2020-12-07 22:42:26,659 get_daka INFO 今日未上「代填
2020-12-07 22:42:26,660 get_daka INFO 报
2020-12-07 22:42:26,661 get_daka INFO 黄小钒-2021研究生
2020-12-07 22:42:26,661 get_daka INFO 今日未上
2020-12-07 22:42:26,662 get_daka INFO 报
2020-12-07 22:42:26,662 get_daka INFO 代填
2020-12-07 22:42:26,663 get_daka INFO 李光通
2020-12-07 22:42:26,663 get_daka INFO ZF20212
2020-12-07 22:42:26,664 get_daka INFO 05
2020-12-07 22:42:26,670 get_daka INFO 研究生
2020-12-07 22:42:26,671 get_daka INFO 今日未上「代填
2020-12-07 22:42:26,672 get_daka INFO 报
2020-12-07 22:42:26,674 get_daka INFO 李伟
2020-12-07 22:42:26,675 get_daka INFO ZF20212
2020-12-07 22:42:26,676 get_daka INFO 17
2020-12-07 22:42:26,677 get_daka INFO 研究生
2020-12-07 22:42:26,677 get_daka INFO 今日未上代填
2020-12-07 22:42:26,678 get_daka INFO 报
2020-12-07 22:42:26,679 get_daka INFO 李延泽
2020-12-07 22:42:26,680 get_daka INFO ZF20212
2020-12-07 22:42:26,685 get_daka INFO 19
2020-12-07 22:42:26,710 get_daka INFO 研究生
2020-12-07 22:42:26,712 get_daka INFO 今日未上代填
2020-12-07 22:42:26,718 get_daka INFO 报
2020-12-07 22:42:26,725 get_daka INFO ZF20212
2020-12-07 22:42:26,726 get_daka INFO 孟令页
2020-12-07 22:42:26,739 get_daka INFO 49
2020-12-07 22:42:26,740 get_daka INFO 研究生
2020-12-07 22:42:26,741 get_daka INFO 今日未上代填
2020-12-07 22:42:26,742 get_daka INFO 报
2020-12-07 22:42:26,743 get_daka INFO 邱晓英
2020-12-07 22:42:26,744 get_daka INFO ZF20213
2020-12-07 22:42:26,745 get_daka INFO 03
2020-12-07 22:42:26,746 get_daka INFO 研究生
2020-12-07 22:42:26,747 get_daka INFO 今日未上代填
2020-12-07 22:42:26,758 get_daka INFO 报
2020-12-07 22:42:26,759 get_daka INFO 渠小萌220213研究生
2020-12-07 22:42:26,759 get_daka INFO 今日未上「代填
2020-12-07 22:42:26,760 get_daka INFO 孙敬懿
2020-12-07 22:42:26,761 get_daka INFO ZF20213
2020-12-07 22:42:26,762 get_daka INFO 2
2020-12-07 22:42:26,764 get_daka INFO 研究生
2020-12-07 22:42:26,764 get_daka INFO 今日未上代填
2020-12-07 22:42:26,765 get_daka INFO 报
2020-12-07 22:42:26,766 get_daka INFO 王茂军
2020-12-07 22:42:26,768 get_daka INFO ZF20213
2020-12-07 22:42:26,769 get_daka INFO 32
2020-12-07 22:42:26,770 get_daka INFO 研究生
2020-12-07 22:42:26,771 get_daka INFO 今日未上代填
2020-12-07 22:42:26,772 get_daka INFO 报
2020-12-07 22:42:26,773 get_daka INFO 王晓雷
2020-12-07 22:42:26,774 get_daka INFO ZF20213
2020-12-07 22:42:26,775 get_daka INFO 40
2020-12-07 22:42:26,776 get_daka INFO 研究生
2020-12-07 22:42:26,791 get_daka INFO 今日未上代填
2020-12-07 22:42:26,803 get_daka INFO 报
2020-12-07 22:42:26,805 get_daka INFO 王岩清
2020-12-07 22:42:26,808 get_daka INFO ZF20213
2020-12-07 22:42:26,809 get_daka INFO 42
2020-12-07 22:42:26,809 get_daka INFO 研究生
2020-12-07 22:42:26,810 get_daka INFO 今日未上代填
2020-12-07 22:42:26,812 get_daka INFO 报
2020-12-07 22:42:26,813 get_daka INFO 薛超
2020-12-07 22:42:26,815 get_daka INFO ZF20214
2020-12-07 22:42:26,816 get_daka INFO 研究生
2020-12-07 22:42:26,817 get_daka INFO 今日未上
2020-12-07 22:42:26,818 get_daka INFO 报
2020-12-07 22:42:26,819 get_daka INFO 代填
2020-12-07 22:42:26,820 get_daka INFO 杨富盛
2020-12-07 22:42:26,821 get_daka INFO ZF20214
2020-12-07 22:42:26,836 get_daka INFO 07
2020-12-07 22:42:26,838 get_daka INFO 研究生
2020-12-07 22:42:26,839 get_daka INFO 今日未上「代填
2020-12-07 22:42:26,840 get_daka INFO 报
2020-12-07 22:42:26,841 get_daka INFO ZF20214
2020-12-07 22:42:26,842 get_daka INFO 张涛
2020-12-07 22:42:26,843 get_daka INFO 27
2020-12-07 22:42:26,844 get_daka INFO 研究生
2020-12-07 22:42:26,844 get_daka INFO 今日未上代填
2020-12-07 22:42:26,845 get_daka INFO 报
2020-12-07 22:42:26,847 get_daka INFO 赵逢春
2020-12-07 22:42:26,849 get_daka INFO ZF20214
2020-12-07 22:42:26,850 get_daka INFO 今日未上
2020-12-07 22:42:26,854 get_daka INFO 35
2020-12-07 22:42:26,855 get_daka INFO 研究生
2020-12-07 22:42:26,856 get_daka INFO 报
2020-12-07 22:42:26,856 get_daka INFO 代填
2020-12-07 22:42:26,857 get_daka INFO 赵高锋
2020-12-07 22:42:26,858 get_daka INFO ZF20214
2020-12-07 22:42:26,858 get_daka INFO 36
2020-12-07 22:42:26,859 get_daka INFO 研究生
2020-12-07 22:42:26,860 get_daka INFO 今日未上
2020-12-07 22:42:26,865 get_daka INFO 报
2020-12-07 22:42:26,866 get_daka INFO 代填
2020-12-07 22:42:26,867 get_daka INFO 赵金夺
2020-12-07 22:42:26,870 get_daka INFO ZF20214
2020-12-07 22:42:26,876 get_daka INFO 37
2020-12-07 22:42:26,892 get_daka INFO 研究生
2020-12-07 22:42:26,894 get_daka INFO 今日未上代填
2020-12-07 22:42:26,894 get_daka INFO 报
2020-12-07 22:42:26,896 get_daka INFO 赵盼
2020-12-07 22:42:26,897 get_daka INFO ZF20214
2020-12-07 22:42:26,900 get_daka INFO 38
2020-12-07 22:42:26,904 get_daka INFO 研究生
2020-12-07 22:42:26,906 get_daka INFO 今日未上代填
2020-12-07 22:42:26,906 get_daka INFO 报
2020-12-07 22:42:26,908 get_daka INFO 庄东燃220214研究生
2020-12-07 22:42:26,908 get_daka INFO 今日未上「代填
2020-12-07 22:42:26,910 get_daka INFO 报
2020-12-07 22:42:26,911 get_daka INFO Clear info for daka:
2020-12-07 22:42:26,914 get_daka INFO 勾涣舒
2020-12-07 22:42:26,915 get_daka INFO 黄小钒
2020-12-07 22:42:26,916 get_daka INFO 李光通
2020-12-07 22:42:26,926 get_daka INFO 李伟
2020-12-07 22:42:26,927 get_daka INFO 李延泽
2020-12-07 22:42:26,928 get_daka INFO 孟令页
2020-12-07 22:42:26,928 get_daka INFO 邱晓英
2020-12-07 22:42:26,929 get_daka INFO 渠小萌
2020-12-07 22:42:26,932 get_daka INFO 孙敬懿
2020-12-07 22:42:26,935 get_daka INFO 王茂军
2020-12-07 22:42:26,936 get_daka INFO 王晓雷
2020-12-07 22:42:26,937 get_daka INFO 王岩清
2020-12-07 22:42:26,939 get_daka INFO 薛超
2020-12-07 22:42:26,940 get_daka INFO 杨富盛
2020-12-07 22:42:26,940 get_daka INFO 张涛
2020-12-07 22:42:26,941 get_daka INFO 赵逢春
2020-12-07 22:42:26,942 get_daka INFO 赵高锋
2020-12-07 22:42:26,943 get_daka INFO 赵金夺
2020-12-07 22:42:26,944 get_daka INFO 赵盼
2020-12-07 22:42:27,068 get_daka INFO 庄东燃
2020-12-07 22:43:00,073 get_daka INFO Notice info is: @勾涣舒 @黄小钒 @李光通 @李伟 @李延泽 @孟令页 @邱晓英 @渠小萌 @孙敬懿 @王茂军 @王晓雷 @王岩清 @薛超 @杨富盛 @张涛 @赵逢春 @赵高锋 @赵金夺 @赵盼 @庄东燃 
2020-12-07 22:45:34,733 get_daka INFO Detail info for daka:
2020-12-07 22:45:34,733 get_daka INFO Detail info for daka:
2020-12-07 22:45:34,735 get_daka INFO 20:40:令1KB/s
2020-12-07 22:45:34,735 get_daka INFO 20:40:令1KB/s
2020-12-07 22:45:34,736 get_daka INFO 仄@⑧凇无障碍(52
2020-12-07 22:45:34,736 get_daka INFO 仄@⑧凇无障碍(52
2020-12-07 22:45:34,738 get_daka INFO 疫情防控通
2020-12-07 22:45:34,738 get_daka INFO 疫情防控通
2020-12-07 22:45:34,739 get_daka INFO 导出列表
2020-12-07 22:45:34,739 get_daka INFO 导出列表
2020-12-07 22:45:34,740 get_daka INFO 请输入搜索的关键字
2020-12-07 22:45:34,740 get_daka INFO 请输入搜索的关键字
2020-12-07 22:45:34,741 get_daka INFO 姓名
2020-12-07 22:45:34,741 get_daka INFO 姓名
2020-12-07 22:45:34,741 get_daka INFO 学号身份疑似或上报时
2020-12-07 22:45:34,741 get_daka INFO 学号身份疑似或上报时
2020-12-07 22:45:34,742 get_daka INFO 确
2020-12-07 22:45:34,742 get_daka INFO 确
2020-12-07 22:45:34,742 get_daka INFO 间
2020-12-07 22:45:34,742 get_daka INFO 间
2020-12-07 22:45:34,743 get_daka INFO ZF20212
2020-12-07 22:45:34,743 get_daka INFO ZF20212
2020-12-07 22:45:34,743 get_daka INFO 刘光泽
2020-12-07 22:45:34,743 get_daka INFO 刘光泽
2020-12-07 22:45:34,744 get_daka INFO 27
2020-12-07 22:45:34,744 get_daka INFO 27
2020-12-07 22:45:34,745 get_daka INFO 研究生
2020-12-07 22:45:34,745 get_daka INFO 研究生
2020-12-07 22:45:34,746 get_daka INFO 今日未上
2020-12-07 22:45:34,746 get_daka INFO 今日未上
2020-12-07 22:45:34,746 get_daka INFO 报
2020-12-07 22:45:34,746 get_daka INFO 报
2020-12-07 22:45:34,747 get_daka INFO 代填
2020-12-07 22:45:34,747 get_daka INFO 代填
2020-12-07 22:45:34,747 get_daka INFO 马亮
2020-12-07 22:45:34,747 get_daka INFO 马亮
2020-12-07 22:45:34,748 get_daka INFO ZF20212
2020-12-07 22:45:34,748 get_daka INFO ZF20212
2020-12-07 22:45:34,749 get_daka INFO 45
2020-12-07 22:45:34,749 get_daka INFO 45
2020-12-07 22:45:34,749 get_daka INFO 研究生
2020-12-07 22:45:34,749 get_daka INFO 研究生
2020-12-07 22:45:34,750 get_daka INFO 今日未上代填
2020-12-07 22:45:34,750 get_daka INFO 今日未上代填
2020-12-07 22:45:34,750 get_daka INFO 报
2020-12-07 22:45:34,750 get_daka INFO 报
2020-12-07 22:45:34,751 get_daka INFO 加载完成
2020-12-07 22:45:34,751 get_daka INFO 加载完成
2020-12-07 22:45:34,751 get_daka INFO Clear info for daka:
2020-12-07 22:45:34,751 get_daka INFO Clear info for daka:
2020-12-07 22:45:34,752 get_daka INFO 刘光泽
2020-12-07 22:45:34,752 get_daka INFO 刘光泽
2020-12-07 22:45:34,753 get_daka INFO 马亮
2020-12-07 22:45:34,753 get_daka INFO 马亮
2020-12-07 22:45:42,444 get_daka INFO Notice info is: @刘光泽 @马亮 
2020-12-07 22:45:42,444 get_daka INFO Notice info is: @刘光泽 @马亮 
2020-12-07 22:46:37,197 get_daka INFO Detail info for daka:
2020-12-07 22:46:37,197 get_daka INFO Detail info for daka:
2020-12-07 22:46:37,197 get_daka INFO Detail info for daka:
2020-12-07 22:46:37,198 get_daka INFO 18:43°nl:a104KB/s8
2020-12-07 22:46:37,198 get_daka INFO 18:43°nl:a104KB/s8
2020-12-07 22:46:37,198 get_daka INFO 18:43°nl:a104KB/s8
2020-12-07 22:46:37,200 get_daka INFO @⑧客无障碍(85
2020-12-07 22:46:37,200 get_daka INFO @⑧客无障碍(85
2020-12-07 22:46:37,200 get_daka INFO @⑧客无障碍(85
2020-12-07 22:46:37,201 get_daka INFO <疫情防控通
2020-12-07 22:46:37,201 get_daka INFO <疫情防控通
2020-12-07 22:46:37,201 get_daka INFO <疫情防控通
2020-12-07 22:46:37,203 get_daka INFO 姓名学号身份
2020-12-07 22:46:37,203 get_daka INFO 姓名学号身份
2020-12-07 22:46:37,203 get_daka INFO 姓名学号身份
2020-12-07 22:46:37,204 get_daka INFO 疑似或上报时
2020-12-07 22:46:37,204 get_daka INFO 疑似或上报时
2020-12-07 22:46:37,204 get_daka INFO 疑似或上报时
2020-12-07 22:46:37,204 get_daka INFO 确诊
2020-12-07 22:46:37,204 get_daka INFO 确诊
2020-12-07 22:46:37,204 get_daka INFO 确诊
2020-12-07 22:46:37,205 get_daka INFO 间
2020-12-07 22:46:37,205 get_daka INFO 间
2020-12-07 22:46:37,205 get_daka INFO 间
2020-12-07 22:46:37,206 get_daka INFO 勾涣舒
2020-12-07 22:46:37,206 get_daka INFO 勾涣舒
2020-12-07 22:46:37,206 get_daka INFO 勾涣舒
2020-12-07 22:46:37,207 get_daka INFO ZF20211
2020-12-07 22:46:37,207 get_daka INFO ZF20211
2020-12-07 22:46:37,207 get_daka INFO ZF20211
2020-12-07 22:46:37,208 get_daka INFO 42
2020-12-07 22:46:37,208 get_daka INFO 42
2020-12-07 22:46:37,208 get_daka INFO 42
2020-12-07 22:46:37,209 get_daka INFO 研究生
2020-12-07 22:46:37,209 get_daka INFO 研究生
2020-12-07 22:46:37,209 get_daka INFO 研究生
2020-12-07 22:46:37,210 get_daka INFO 今日未上「代填
2020-12-07 22:46:37,210 get_daka INFO 今日未上「代填
2020-12-07 22:46:37,210 get_daka INFO 今日未上「代填
2020-12-07 22:46:37,212 get_daka INFO 报
2020-12-07 22:46:37,212 get_daka INFO 报
2020-12-07 22:46:37,212 get_daka INFO 报
2020-12-07 22:46:37,213 get_daka INFO 黄小钒-2021研究生
2020-12-07 22:46:37,213 get_daka INFO 黄小钒-2021研究生
2020-12-07 22:46:37,213 get_daka INFO 黄小钒-2021研究生
2020-12-07 22:46:37,214 get_daka INFO 今日未上
2020-12-07 22:46:37,214 get_daka INFO 今日未上
2020-12-07 22:46:37,214 get_daka INFO 今日未上
2020-12-07 22:46:37,215 get_daka INFO 报
2020-12-07 22:46:37,215 get_daka INFO 报
2020-12-07 22:46:37,215 get_daka INFO 报
2020-12-07 22:46:37,217 get_daka INFO 代填
2020-12-07 22:46:37,217 get_daka INFO 代填
2020-12-07 22:46:37,217 get_daka INFO 代填
2020-12-07 22:46:37,218 get_daka INFO 李光通
2020-12-07 22:46:37,218 get_daka INFO 李光通
2020-12-07 22:46:37,218 get_daka INFO 李光通
2020-12-07 22:46:37,219 get_daka INFO ZF20212
2020-12-07 22:46:37,219 get_daka INFO ZF20212
2020-12-07 22:46:37,219 get_daka INFO ZF20212
2020-12-07 22:46:37,221 get_daka INFO 05
2020-12-07 22:46:37,221 get_daka INFO 05
2020-12-07 22:46:37,221 get_daka INFO 05
2020-12-07 22:46:37,222 get_daka INFO 研究生
2020-12-07 22:46:37,222 get_daka INFO 研究生
2020-12-07 22:46:37,222 get_daka INFO 研究生
2020-12-07 22:46:37,223 get_daka INFO 今日未上「代填
2020-12-07 22:46:37,223 get_daka INFO 今日未上「代填
2020-12-07 22:46:37,223 get_daka INFO 今日未上「代填
2020-12-07 22:46:37,224 get_daka INFO 报
2020-12-07 22:46:37,224 get_daka INFO 报
2020-12-07 22:46:37,224 get_daka INFO 报
2020-12-07 22:46:37,224 get_daka INFO 李伟
2020-12-07 22:46:37,224 get_daka INFO 李伟
2020-12-07 22:46:37,224 get_daka INFO 李伟
2020-12-07 22:46:37,225 get_daka INFO ZF20212
2020-12-07 22:46:37,225 get_daka INFO ZF20212
2020-12-07 22:46:37,225 get_daka INFO ZF20212
2020-12-07 22:46:37,226 get_daka INFO 17
2020-12-07 22:46:37,226 get_daka INFO 17
2020-12-07 22:46:37,226 get_daka INFO 17
2020-12-07 22:46:37,227 get_daka INFO 研究生
2020-12-07 22:46:37,227 get_daka INFO 研究生
2020-12-07 22:46:37,227 get_daka INFO 研究生
2020-12-07 22:46:37,228 get_daka INFO 今日未上代填
2020-12-07 22:46:37,228 get_daka INFO 今日未上代填
2020-12-07 22:46:37,228 get_daka INFO 今日未上代填
2020-12-07 22:46:37,228 get_daka INFO 报
2020-12-07 22:46:37,228 get_daka INFO 报
2020-12-07 22:46:37,228 get_daka INFO 报
2020-12-07 22:46:37,229 get_daka INFO 李延泽
2020-12-07 22:46:37,229 get_daka INFO 李延泽
2020-12-07 22:46:37,229 get_daka INFO 李延泽
2020-12-07 22:46:37,230 get_daka INFO ZF20212
2020-12-07 22:46:37,230 get_daka INFO ZF20212
2020-12-07 22:46:37,230 get_daka INFO ZF20212
2020-12-07 22:46:37,232 get_daka INFO 19
2020-12-07 22:46:37,232 get_daka INFO 19
2020-12-07 22:46:37,232 get_daka INFO 19
2020-12-07 22:46:37,234 get_daka INFO 研究生
2020-12-07 22:46:37,234 get_daka INFO 研究生
2020-12-07 22:46:37,234 get_daka INFO 研究生
2020-12-07 22:46:37,235 get_daka INFO 今日未上代填
2020-12-07 22:46:37,235 get_daka INFO 今日未上代填
2020-12-07 22:46:37,235 get_daka INFO 今日未上代填
2020-12-07 22:46:37,236 get_daka INFO 报
2020-12-07 22:46:37,236 get_daka INFO 报
2020-12-07 22:46:37,236 get_daka INFO 报
2020-12-07 22:46:37,237 get_daka INFO ZF20212
2020-12-07 22:46:37,237 get_daka INFO ZF20212
2020-12-07 22:46:37,237 get_daka INFO ZF20212
2020-12-07 22:46:37,237 get_daka INFO 孟令页
2020-12-07 22:46:37,237 get_daka INFO 孟令页
2020-12-07 22:46:37,237 get_daka INFO 孟令页
2020-12-07 22:46:37,238 get_daka INFO 49
2020-12-07 22:46:37,238 get_daka INFO 49
2020-12-07 22:46:37,238 get_daka INFO 49
2020-12-07 22:46:37,239 get_daka INFO 研究生
2020-12-07 22:46:37,239 get_daka INFO 研究生
2020-12-07 22:46:37,239 get_daka INFO 研究生
2020-12-07 22:46:37,240 get_daka INFO 今日未上代填
2020-12-07 22:46:37,240 get_daka INFO 今日未上代填
2020-12-07 22:46:37,240 get_daka INFO 今日未上代填
2020-12-07 22:46:37,242 get_daka INFO 报
2020-12-07 22:46:37,242 get_daka INFO 报
2020-12-07 22:46:37,242 get_daka INFO 报
2020-12-07 22:46:37,243 get_daka INFO 邱晓英
2020-12-07 22:46:37,243 get_daka INFO 邱晓英
2020-12-07 22:46:37,243 get_daka INFO 邱晓英
2020-12-07 22:46:37,243 get_daka INFO ZF20213
2020-12-07 22:46:37,243 get_daka INFO ZF20213
2020-12-07 22:46:37,243 get_daka INFO ZF20213
2020-12-07 22:46:37,244 get_daka INFO 03
2020-12-07 22:46:37,244 get_daka INFO 03
2020-12-07 22:46:37,244 get_daka INFO 03
2020-12-07 22:46:37,245 get_daka INFO 研究生
2020-12-07 22:46:37,245 get_daka INFO 研究生
2020-12-07 22:46:37,245 get_daka INFO 研究生
2020-12-07 22:46:37,246 get_daka INFO 今日未上代填
2020-12-07 22:46:37,246 get_daka INFO 今日未上代填
2020-12-07 22:46:37,246 get_daka INFO 今日未上代填
2020-12-07 22:46:37,247 get_daka INFO 报
2020-12-07 22:46:37,247 get_daka INFO 报
2020-12-07 22:46:37,247 get_daka INFO 报
2020-12-07 22:46:37,249 get_daka INFO 渠小萌220213研究生
2020-12-07 22:46:37,249 get_daka INFO 渠小萌220213研究生
2020-12-07 22:46:37,249 get_daka INFO 渠小萌220213研究生
2020-12-07 22:46:37,250 get_daka INFO 今日未上「代填
2020-12-07 22:46:37,250 get_daka INFO 今日未上「代填
2020-12-07 22:46:37,250 get_daka INFO 今日未上「代填
2020-12-07 22:46:37,252 get_daka INFO 孙敬懿
2020-12-07 22:46:37,252 get_daka INFO 孙敬懿
2020-12-07 22:46:37,252 get_daka INFO 孙敬懿
2020-12-07 22:46:37,253 get_daka INFO ZF20213
2020-12-07 22:46:37,253 get_daka INFO ZF20213
2020-12-07 22:46:37,253 get_daka INFO ZF20213
2020-12-07 22:46:37,254 get_daka INFO 2
2020-12-07 22:46:37,254 get_daka INFO 2
2020-12-07 22:46:37,254 get_daka INFO 2
2020-12-07 22:46:37,255 get_daka INFO 研究生
2020-12-07 22:46:37,255 get_daka INFO 研究生
2020-12-07 22:46:37,255 get_daka INFO 研究生
2020-12-07 22:46:37,257 get_daka INFO 今日未上代填
2020-12-07 22:46:37,257 get_daka INFO 今日未上代填
2020-12-07 22:46:37,257 get_daka INFO 今日未上代填
2020-12-07 22:46:37,258 get_daka INFO 报
2020-12-07 22:46:37,258 get_daka INFO 报
2020-12-07 22:46:37,258 get_daka INFO 报
2020-12-07 22:46:37,258 get_daka INFO 王茂军
2020-12-07 22:46:37,258 get_daka INFO 王茂军
2020-12-07 22:46:37,258 get_daka INFO 王茂军
2020-12-07 22:46:37,259 get_daka INFO ZF20213
2020-12-07 22:46:37,259 get_daka INFO ZF20213
2020-12-07 22:46:37,259 get_daka INFO ZF20213
2020-12-07 22:46:37,260 get_daka INFO 32
2020-12-07 22:46:37,260 get_daka INFO 32
2020-12-07 22:46:37,260 get_daka INFO 32
2020-12-07 22:46:37,261 get_daka INFO 研究生
2020-12-07 22:46:37,261 get_daka INFO 研究生
2020-12-07 22:46:37,261 get_daka INFO 研究生
2020-12-07 22:46:37,261 get_daka INFO 今日未上代填
2020-12-07 22:46:37,261 get_daka INFO 今日未上代填
2020-12-07 22:46:37,261 get_daka INFO 今日未上代填
2020-12-07 22:46:37,262 get_daka INFO 报
2020-12-07 22:46:37,262 get_daka INFO 报
2020-12-07 22:46:37,262 get_daka INFO 报
2020-12-07 22:46:37,263 get_daka INFO 王晓雷
2020-12-07 22:46:37,263 get_daka INFO 王晓雷
2020-12-07 22:46:37,263 get_daka INFO 王晓雷
2020-12-07 22:46:37,265 get_daka INFO ZF20213
2020-12-07 22:46:37,265 get_daka INFO ZF20213
2020-12-07 22:46:37,265 get_daka INFO ZF20213
2020-12-07 22:46:37,266 get_daka INFO 40
2020-12-07 22:46:37,266 get_daka INFO 40
2020-12-07 22:46:37,266 get_daka INFO 40
2020-12-07 22:46:37,268 get_daka INFO 研究生
2020-12-07 22:46:37,268 get_daka INFO 研究生
2020-12-07 22:46:37,268 get_daka INFO 研究生
2020-12-07 22:46:37,269 get_daka INFO 今日未上代填
2020-12-07 22:46:37,269 get_daka INFO 今日未上代填
2020-12-07 22:46:37,269 get_daka INFO 今日未上代填
2020-12-07 22:46:37,271 get_daka INFO 报
2020-12-07 22:46:37,271 get_daka INFO 报
2020-12-07 22:46:37,271 get_daka INFO 报
2020-12-07 22:46:37,274 get_daka INFO 王岩清
2020-12-07 22:46:37,274 get_daka INFO 王岩清
2020-12-07 22:46:37,274 get_daka INFO 王岩清
2020-12-07 22:46:37,275 get_daka INFO ZF20213
2020-12-07 22:46:37,275 get_daka INFO ZF20213
2020-12-07 22:46:37,275 get_daka INFO ZF20213
2020-12-07 22:46:37,276 get_daka INFO 42
2020-12-07 22:46:37,276 get_daka INFO 42
2020-12-07 22:46:37,276 get_daka INFO 42
2020-12-07 22:46:37,276 get_daka INFO 研究生
2020-12-07 22:46:37,276 get_daka INFO 研究生
2020-12-07 22:46:37,276 get_daka INFO 研究生
2020-12-07 22:46:37,277 get_daka INFO 今日未上代填
2020-12-07 22:46:37,277 get_daka INFO 今日未上代填
2020-12-07 22:46:37,277 get_daka INFO 今日未上代填
2020-12-07 22:46:37,278 get_daka INFO 报
2020-12-07 22:46:37,278 get_daka INFO 报
2020-12-07 22:46:37,278 get_daka INFO 报
2020-12-07 22:46:37,278 get_daka INFO 薛超
2020-12-07 22:46:37,278 get_daka INFO 薛超
2020-12-07 22:46:37,278 get_daka INFO 薛超
2020-12-07 22:46:37,280 get_daka INFO ZF20214
2020-12-07 22:46:37,280 get_daka INFO ZF20214
2020-12-07 22:46:37,280 get_daka INFO ZF20214
2020-12-07 22:46:37,281 get_daka INFO 研究生
2020-12-07 22:46:37,281 get_daka INFO 研究生
2020-12-07 22:46:37,281 get_daka INFO 研究生
2020-12-07 22:46:37,283 get_daka INFO 今日未上
2020-12-07 22:46:37,283 get_daka INFO 今日未上
2020-12-07 22:46:37,283 get_daka INFO 今日未上
2020-12-07 22:46:37,285 get_daka INFO 报
2020-12-07 22:46:37,285 get_daka INFO 报
2020-12-07 22:46:37,285 get_daka INFO 报
2020-12-07 22:46:37,286 get_daka INFO 代填
2020-12-07 22:46:37,286 get_daka INFO 代填
2020-12-07 22:46:37,286 get_daka INFO 代填
2020-12-07 22:46:37,287 get_daka INFO 杨富盛
2020-12-07 22:46:37,287 get_daka INFO 杨富盛
2020-12-07 22:46:37,287 get_daka INFO 杨富盛
2020-12-07 22:46:37,288 get_daka INFO ZF20214
2020-12-07 22:46:37,288 get_daka INFO ZF20214
2020-12-07 22:46:37,288 get_daka INFO ZF20214
2020-12-07 22:46:37,290 get_daka INFO 07
2020-12-07 22:46:37,290 get_daka INFO 07
2020-12-07 22:46:37,290 get_daka INFO 07
2020-12-07 22:46:37,291 get_daka INFO 研究生
2020-12-07 22:46:37,291 get_daka INFO 研究生
2020-12-07 22:46:37,291 get_daka INFO 研究生
2020-12-07 22:46:37,291 get_daka INFO 今日未上「代填
2020-12-07 22:46:37,291 get_daka INFO 今日未上「代填
2020-12-07 22:46:37,291 get_daka INFO 今日未上「代填
2020-12-07 22:46:37,292 get_daka INFO 报
2020-12-07 22:46:37,292 get_daka INFO 报
2020-12-07 22:46:37,292 get_daka INFO 报
2020-12-07 22:46:37,293 get_daka INFO ZF20214
2020-12-07 22:46:37,293 get_daka INFO ZF20214
2020-12-07 22:46:37,293 get_daka INFO ZF20214
2020-12-07 22:46:37,294 get_daka INFO 张涛
2020-12-07 22:46:37,294 get_daka INFO 张涛
2020-12-07 22:46:37,294 get_daka INFO 张涛
2020-12-07 22:46:37,294 get_daka INFO 27
2020-12-07 22:46:37,294 get_daka INFO 27
2020-12-07 22:46:37,294 get_daka INFO 27
2020-12-07 22:46:37,295 get_daka INFO 研究生
2020-12-07 22:46:37,295 get_daka INFO 研究生
2020-12-07 22:46:37,295 get_daka INFO 研究生
2020-12-07 22:46:37,296 get_daka INFO 今日未上代填
2020-12-07 22:46:37,296 get_daka INFO 今日未上代填
2020-12-07 22:46:37,296 get_daka INFO 今日未上代填
2020-12-07 22:46:37,298 get_daka INFO 报
2020-12-07 22:46:37,298 get_daka INFO 报
2020-12-07 22:46:37,298 get_daka INFO 报
2020-12-07 22:46:37,299 get_daka INFO 赵逢春
2020-12-07 22:46:37,299 get_daka INFO 赵逢春
2020-12-07 22:46:37,299 get_daka INFO 赵逢春
2020-12-07 22:46:37,301 get_daka INFO ZF20214
2020-12-07 22:46:37,301 get_daka INFO ZF20214
2020-12-07 22:46:37,301 get_daka INFO ZF20214
2020-12-07 22:46:37,303 get_daka INFO 今日未上
2020-12-07 22:46:37,303 get_daka INFO 今日未上
2020-12-07 22:46:37,303 get_daka INFO 今日未上
2020-12-07 22:46:37,305 get_daka INFO 35
2020-12-07 22:46:37,305 get_daka INFO 35
2020-12-07 22:46:37,305 get_daka INFO 35
2020-12-07 22:46:37,306 get_daka INFO 研究生
2020-12-07 22:46:37,306 get_daka INFO 研究生
2020-12-07 22:46:37,306 get_daka INFO 研究生
2020-12-07 22:46:37,308 get_daka INFO 报
2020-12-07 22:46:37,308 get_daka INFO 报
2020-12-07 22:46:37,308 get_daka INFO 报
2020-12-07 22:46:37,309 get_daka INFO 代填
2020-12-07 22:46:37,309 get_daka INFO 代填
2020-12-07 22:46:37,309 get_daka INFO 代填
2020-12-07 22:46:37,309 get_daka INFO 赵高锋
2020-12-07 22:46:37,309 get_daka INFO 赵高锋
2020-12-07 22:46:37,309 get_daka INFO 赵高锋
2020-12-07 22:46:37,310 get_daka INFO ZF20214
2020-12-07 22:46:37,310 get_daka INFO ZF20214
2020-12-07 22:46:37,310 get_daka INFO ZF20214
2020-12-07 22:46:37,311 get_daka INFO 36
2020-12-07 22:46:37,311 get_daka INFO 36
2020-12-07 22:46:37,311 get_daka INFO 36
2020-12-07 22:46:37,311 get_daka INFO 研究生
2020-12-07 22:46:37,311 get_daka INFO 研究生
2020-12-07 22:46:37,311 get_daka INFO 研究生
2020-12-07 22:46:37,313 get_daka INFO 今日未上
2020-12-07 22:46:37,313 get_daka INFO 今日未上
2020-12-07 22:46:37,313 get_daka INFO 今日未上
2020-12-07 22:46:37,314 get_daka INFO 报
2020-12-07 22:46:37,314 get_daka INFO 报
2020-12-07 22:46:37,314 get_daka INFO 报
2020-12-07 22:46:37,315 get_daka INFO 代填
2020-12-07 22:46:37,315 get_daka INFO 代填
2020-12-07 22:46:37,315 get_daka INFO 代填
2020-12-07 22:46:37,316 get_daka INFO 赵金夺
2020-12-07 22:46:37,316 get_daka INFO 赵金夺
2020-12-07 22:46:37,316 get_daka INFO 赵金夺
2020-12-07 22:46:37,318 get_daka INFO ZF20214
2020-12-07 22:46:37,318 get_daka INFO ZF20214
2020-12-07 22:46:37,318 get_daka INFO ZF20214
2020-12-07 22:46:37,319 get_daka INFO 37
2020-12-07 22:46:37,319 get_daka INFO 37
2020-12-07 22:46:37,319 get_daka INFO 37
2020-12-07 22:46:37,321 get_daka INFO 研究生
2020-12-07 22:46:37,321 get_daka INFO 研究生
2020-12-07 22:46:37,321 get_daka INFO 研究生
2020-12-07 22:46:37,322 get_daka INFO 今日未上代填
2020-12-07 22:46:37,322 get_daka INFO 今日未上代填
2020-12-07 22:46:37,322 get_daka INFO 今日未上代填
2020-12-07 22:46:37,323 get_daka INFO 报
2020-12-07 22:46:37,323 get_daka INFO 报
2020-12-07 22:46:37,323 get_daka INFO 报
2020-12-07 22:46:37,324 get_daka INFO 赵盼
2020-12-07 22:46:37,324 get_daka INFO 赵盼
2020-12-07 22:46:37,324 get_daka INFO 赵盼
2020-12-07 22:46:37,325 get_daka INFO ZF20214
2020-12-07 22:46:37,325 get_daka INFO ZF20214
2020-12-07 22:46:37,325 get_daka INFO ZF20214
2020-12-07 22:46:37,326 get_daka INFO 38
2020-12-07 22:46:37,326 get_daka INFO 38
2020-12-07 22:46:37,326 get_daka INFO 38
2020-12-07 22:46:37,326 get_daka INFO 研究生
2020-12-07 22:46:37,326 get_daka INFO 研究生
2020-12-07 22:46:37,326 get_daka INFO 研究生
2020-12-07 22:46:37,327 get_daka INFO 今日未上代填
2020-12-07 22:46:37,327 get_daka INFO 今日未上代填
2020-12-07 22:46:37,327 get_daka INFO 今日未上代填
2020-12-07 22:46:37,328 get_daka INFO 报
2020-12-07 22:46:37,328 get_daka INFO 报
2020-12-07 22:46:37,328 get_daka INFO 报
2020-12-07 22:46:37,329 get_daka INFO 庄东燃220214研究生
2020-12-07 22:46:37,329 get_daka INFO 庄东燃220214研究生
2020-12-07 22:46:37,329 get_daka INFO 庄东燃220214研究生
2020-12-07 22:46:37,330 get_daka INFO 今日未上「代填
2020-12-07 22:46:37,330 get_daka INFO 今日未上「代填
2020-12-07 22:46:37,330 get_daka INFO 今日未上「代填
2020-12-07 22:46:37,331 get_daka INFO 报
2020-12-07 22:46:37,331 get_daka INFO 报
2020-12-07 22:46:37,331 get_daka INFO 报
2020-12-07 22:46:37,336 get_daka INFO Clear info for daka:
2020-12-07 22:46:37,336 get_daka INFO Clear info for daka:
2020-12-07 22:46:37,336 get_daka INFO Clear info for daka:
2020-12-07 22:46:37,339 get_daka INFO 勾涣舒
2020-12-07 22:46:37,339 get_daka INFO 勾涣舒
2020-12-07 22:46:37,339 get_daka INFO 勾涣舒
2020-12-07 22:46:37,340 get_daka INFO 黄小钒
2020-12-07 22:46:37,340 get_daka INFO 黄小钒
2020-12-07 22:46:37,340 get_daka INFO 黄小钒
2020-12-07 22:46:37,341 get_daka INFO 李光通
2020-12-07 22:46:37,341 get_daka INFO 李光通
2020-12-07 22:46:37,341 get_daka INFO 李光通
2020-12-07 22:46:37,341 get_daka INFO 李伟
2020-12-07 22:46:37,341 get_daka INFO 李伟
2020-12-07 22:46:37,341 get_daka INFO 李伟
2020-12-07 22:46:37,342 get_daka INFO 李延泽
2020-12-07 22:46:37,342 get_daka INFO 李延泽
2020-12-07 22:46:37,342 get_daka INFO 李延泽
2020-12-07 22:46:37,343 get_daka INFO 孟令页
2020-12-07 22:46:37,343 get_daka INFO 孟令页
2020-12-07 22:46:37,343 get_daka INFO 孟令页
2020-12-07 22:46:37,344 get_daka INFO 邱晓英
2020-12-07 22:46:37,344 get_daka INFO 邱晓英
2020-12-07 22:46:37,344 get_daka INFO 邱晓英
2020-12-07 22:46:37,344 get_daka INFO 渠小萌
2020-12-07 22:46:37,344 get_daka INFO 渠小萌
2020-12-07 22:46:37,344 get_daka INFO 渠小萌
2020-12-07 22:46:37,346 get_daka INFO 孙敬懿
2020-12-07 22:46:37,346 get_daka INFO 孙敬懿
2020-12-07 22:46:37,346 get_daka INFO 孙敬懿
2020-12-07 22:46:37,347 get_daka INFO 王茂军
2020-12-07 22:46:37,347 get_daka INFO 王茂军
2020-12-07 22:46:37,347 get_daka INFO 王茂军
2020-12-07 22:46:37,348 get_daka INFO 王晓雷
2020-12-07 22:46:37,348 get_daka INFO 王晓雷
2020-12-07 22:46:37,348 get_daka INFO 王晓雷
2020-12-07 22:46:37,351 get_daka INFO 王岩清
2020-12-07 22:46:37,351 get_daka INFO 王岩清
2020-12-07 22:46:37,351 get_daka INFO 王岩清
2020-12-07 22:46:37,352 get_daka INFO 薛超
2020-12-07 22:46:37,352 get_daka INFO 薛超
2020-12-07 22:46:37,352 get_daka INFO 薛超
2020-12-07 22:46:37,353 get_daka INFO 杨富盛
2020-12-07 22:46:37,353 get_daka INFO 杨富盛
2020-12-07 22:46:37,353 get_daka INFO 杨富盛
2020-12-07 22:46:37,354 get_daka INFO 张涛
2020-12-07 22:46:37,354 get_daka INFO 张涛
2020-12-07 22:46:37,354 get_daka INFO 张涛
2020-12-07 22:46:37,355 get_daka INFO 赵逢春
2020-12-07 22:46:37,355 get_daka INFO 赵逢春
2020-12-07 22:46:37,355 get_daka INFO 赵逢春
2020-12-07 22:46:37,356 get_daka INFO 赵高锋
2020-12-07 22:46:37,356 get_daka INFO 赵高锋
2020-12-07 22:46:37,356 get_daka INFO 赵高锋
2020-12-07 22:46:37,357 get_daka INFO 赵金夺
2020-12-07 22:46:37,357 get_daka INFO 赵金夺
2020-12-07 22:46:37,357 get_daka INFO 赵金夺
2020-12-07 22:46:37,358 get_daka INFO 赵盼
2020-12-07 22:46:37,358 get_daka INFO 赵盼
2020-12-07 22:46:37,358 get_daka INFO 赵盼
2020-12-07 22:46:37,358 get_daka INFO 庄东燃
2020-12-07 22:46:37,358 get_daka INFO 庄东燃
2020-12-07 22:46:37,358 get_daka INFO 庄东燃
2020-12-07 22:47:02,122 get_daka INFO Notice info is: @勾涣舒 @黄小钒 @李光通 @李伟 @李延泽 @孟令页 @邱晓英 @渠小萌 @孙敬懿 @王茂军 @王晓雷 @王岩清 @薛超 @杨富盛 @张涛 @赵逢春 @赵高锋 @赵金夺 @赵盼 @庄东燃 
2020-12-07 22:47:02,122 get_daka INFO Notice info is: @勾涣舒 @黄小钒 @李光通 @李伟 @李延泽 @孟令页 @邱晓英 @渠小萌 @孙敬懿 @王茂军 @王晓雷 @王岩清 @薛超 @杨富盛 @张涛 @赵逢春 @赵高锋 @赵金夺 @赵盼 @庄东燃 
2020-12-07 22:47:02,122 get_daka INFO Notice info is: @勾涣舒 @黄小钒 @李光通 @李伟 @李延泽 @孟令页 @邱晓英 @渠小萌 @孙敬懿 @王茂军 @王晓雷 @王岩清 @薛超 @杨富盛 @张涛 @赵逢春 @赵高锋 @赵金夺 @赵盼 @庄东燃 
2020-12-07 22:47:25,276 get_daka INFO Detail info for daka:
2020-12-07 22:47:25,278 get_daka INFO 18:43°nl:a104KB/s8
2020-12-07 22:47:25,279 get_daka INFO @⑧客无障碍(85
2020-12-07 22:47:25,280 get_daka INFO <疫情防控通
2020-12-07 22:47:25,281 get_daka INFO 姓名学号身份
2020-12-07 22:47:25,282 get_daka INFO 疑似或上报时
2020-12-07 22:47:25,283 get_daka INFO 确诊
2020-12-07 22:47:25,284 get_daka INFO 间
2020-12-07 22:47:25,285 get_daka INFO 勾涣舒
2020-12-07 22:47:25,288 get_daka INFO ZF20211
2020-12-07 22:47:25,290 get_daka INFO 42
2020-12-07 22:47:25,291 get_daka INFO 研究生
2020-12-07 22:47:25,292 get_daka INFO 今日未上「代填
2020-12-07 22:47:25,292 get_daka INFO 报
2020-12-07 22:47:25,294 get_daka INFO 黄小钒-2021研究生
2020-12-07 22:47:25,295 get_daka INFO 今日未上
2020-12-07 22:47:25,296 get_daka INFO 报
2020-12-07 22:47:25,297 get_daka INFO 代填
2020-12-07 22:47:25,298 get_daka INFO 李光通
2020-12-07 22:47:25,299 get_daka INFO ZF20212
2020-12-07 22:47:25,300 get_daka INFO 05
2020-12-07 22:47:25,301 get_daka INFO 研究生
2020-12-07 22:47:25,302 get_daka INFO 今日未上「代填
2020-12-07 22:47:25,303 get_daka INFO 报
2020-12-07 22:47:25,304 get_daka INFO 李伟
2020-12-07 22:47:25,305 get_daka INFO ZF20212
2020-12-07 22:47:25,306 get_daka INFO 17
2020-12-07 22:47:25,308 get_daka INFO 研究生
2020-12-07 22:47:25,309 get_daka INFO 今日未上代填
2020-12-07 22:47:25,310 get_daka INFO 报
2020-12-07 22:47:25,312 get_daka INFO 李延泽
2020-12-07 22:47:25,313 get_daka INFO ZF20212
2020-12-07 22:47:25,314 get_daka INFO 19
2020-12-07 22:47:25,315 get_daka INFO 研究生
2020-12-07 22:47:25,317 get_daka INFO 今日未上代填
2020-12-07 22:47:25,321 get_daka INFO 报
2020-12-07 22:47:25,322 get_daka INFO ZF20212
2020-12-07 22:47:25,323 get_daka INFO 孟令页
2020-12-07 22:47:25,324 get_daka INFO 49
2020-12-07 22:47:25,324 get_daka INFO 研究生
2020-12-07 22:47:25,325 get_daka INFO 今日未上代填
2020-12-07 22:47:25,326 get_daka INFO 报
2020-12-07 22:47:25,328 get_daka INFO 邱晓英
2020-12-07 22:47:25,329 get_daka INFO ZF20213
2020-12-07 22:47:25,331 get_daka INFO 03
2020-12-07 22:47:25,332 get_daka INFO 研究生
2020-12-07 22:47:25,334 get_daka INFO 今日未上代填
2020-12-07 22:47:25,336 get_daka INFO 报
2020-12-07 22:47:25,337 get_daka INFO 渠小萌220213研究生
2020-12-07 22:47:25,339 get_daka INFO 今日未上「代填
2020-12-07 22:47:25,340 get_daka INFO 孙敬懿
2020-12-07 22:47:25,342 get_daka INFO ZF20213
2020-12-07 22:47:25,342 get_daka INFO 2
2020-12-07 22:47:25,345 get_daka INFO 研究生
2020-12-07 22:47:25,347 get_daka INFO 今日未上代填
2020-12-07 22:47:25,347 get_daka INFO 报
2020-12-07 22:47:25,348 get_daka INFO 王茂军
2020-12-07 22:47:25,348 get_daka INFO ZF20213
2020-12-07 22:47:25,349 get_daka INFO 32
2020-12-07 22:47:25,350 get_daka INFO 研究生
2020-12-07 22:47:25,350 get_daka INFO 今日未上代填
2020-12-07 22:47:25,354 get_daka INFO 报
2020-12-07 22:47:25,355 get_daka INFO 王晓雷
2020-12-07 22:47:25,356 get_daka INFO ZF20213
2020-12-07 22:47:25,357 get_daka INFO 40
2020-12-07 22:47:25,359 get_daka INFO 研究生
2020-12-07 22:47:25,360 get_daka INFO 今日未上代填
2020-12-07 22:47:25,361 get_daka INFO 报
2020-12-07 22:47:25,362 get_daka INFO 王岩清
2020-12-07 22:47:25,363 get_daka INFO ZF20213
2020-12-07 22:47:25,366 get_daka INFO 42
2020-12-07 22:47:25,367 get_daka INFO 研究生
2020-12-07 22:47:25,371 get_daka INFO 今日未上代填
2020-12-07 22:47:25,372 get_daka INFO 报
2020-12-07 22:47:25,372 get_daka INFO 薛超
2020-12-07 22:47:25,374 get_daka INFO ZF20214
2020-12-07 22:47:25,374 get_daka INFO 研究生
2020-12-07 22:47:25,375 get_daka INFO 今日未上
2020-12-07 22:47:25,376 get_daka INFO 报
2020-12-07 22:47:25,377 get_daka INFO 代填
2020-12-07 22:47:25,377 get_daka INFO 杨富盛
2020-12-07 22:47:25,378 get_daka INFO ZF20214
2020-12-07 22:47:25,378 get_daka INFO 07
2020-12-07 22:47:25,379 get_daka INFO 研究生
2020-12-07 22:47:25,379 get_daka INFO 今日未上「代填
2020-12-07 22:47:25,379 get_daka INFO 报
2020-12-07 22:47:25,380 get_daka INFO ZF20214
2020-12-07 22:47:25,380 get_daka INFO 张涛
2020-12-07 22:47:25,380 get_daka INFO 27
2020-12-07 22:47:25,381 get_daka INFO 研究生
2020-12-07 22:47:25,381 get_daka INFO 今日未上代填
2020-12-07 22:47:25,381 get_daka INFO 报
2020-12-07 22:47:25,382 get_daka INFO 赵逢春
2020-12-07 22:47:25,382 get_daka INFO ZF20214
2020-12-07 22:47:25,383 get_daka INFO 今日未上
2020-12-07 22:47:25,384 get_daka INFO 35
2020-12-07 22:47:25,385 get_daka INFO 研究生
2020-12-07 22:47:25,386 get_daka INFO 报
2020-12-07 22:47:25,386 get_daka INFO 代填
2020-12-07 22:47:25,387 get_daka INFO 赵高锋
2020-12-07 22:47:25,388 get_daka INFO ZF20214
2020-12-07 22:47:25,389 get_daka INFO 36
2020-12-07 22:47:25,390 get_daka INFO 研究生
2020-12-07 22:47:25,390 get_daka INFO 今日未上
2020-12-07 22:47:25,391 get_daka INFO 报
2020-12-07 22:47:25,392 get_daka INFO 代填
2020-12-07 22:47:25,392 get_daka INFO 赵金夺
2020-12-07 22:47:25,393 get_daka INFO ZF20214
2020-12-07 22:47:25,393 get_daka INFO 37
2020-12-07 22:47:25,394 get_daka INFO 研究生
2020-12-07 22:47:25,394 get_daka INFO 今日未上代填
2020-12-07 22:47:25,395 get_daka INFO 报
2020-12-07 22:47:25,395 get_daka INFO 赵盼
2020-12-07 22:47:25,395 get_daka INFO ZF20214
2020-12-07 22:47:25,396 get_daka INFO 38
2020-12-07 22:47:25,396 get_daka INFO 研究生
2020-12-07 22:47:25,397 get_daka INFO 今日未上代填
2020-12-07 22:47:25,397 get_daka INFO 报
2020-12-07 22:47:25,397 get_daka INFO 庄东燃220214研究生
2020-12-07 22:47:25,398 get_daka INFO 今日未上「代填
2020-12-07 22:47:25,398 get_daka INFO 报
2020-12-07 22:47:25,398 get_daka INFO Clear info for daka:
2020-12-07 22:47:25,400 get_daka INFO 勾涣舒
2020-12-07 22:47:25,401 get_daka INFO 黄小钒
2020-12-07 22:47:25,402 get_daka INFO 李光通
2020-12-07 22:47:25,402 get_daka INFO 李伟
2020-12-07 22:47:25,403 get_daka INFO 李延泽
2020-12-07 22:47:25,403 get_daka INFO 孟令页
2020-12-07 22:47:25,404 get_daka INFO 邱晓英
2020-12-07 22:47:25,405 get_daka INFO 渠小萌
2020-12-07 22:47:25,406 get_daka INFO 孙敬懿
2020-12-07 22:47:25,406 get_daka INFO 王茂军
2020-12-07 22:47:25,407 get_daka INFO 王晓雷
2020-12-07 22:47:25,407 get_daka INFO 王岩清
2020-12-07 22:47:25,408 get_daka INFO 薛超
2020-12-07 22:47:25,409 get_daka INFO 杨富盛
2020-12-07 22:47:25,410 get_daka INFO 张涛
2020-12-07 22:47:25,410 get_daka INFO 赵逢春
2020-12-07 22:47:25,410 get_daka INFO 赵高锋
2020-12-07 22:47:25,411 get_daka INFO 赵金夺
2020-12-07 22:47:25,411 get_daka INFO 赵盼
2020-12-07 22:47:25,411 get_daka INFO 庄东燃
2020-12-07 22:47:32,024 get_daka INFO Detail info for daka:
2020-12-07 22:47:32,024 get_daka INFO Detail info for daka:
2020-12-07 22:47:32,024 get_daka INFO Detail info for daka:
2020-12-07 22:47:32,026 get_daka INFO 20:40:令1KB/s
2020-12-07 22:47:32,026 get_daka INFO 20:40:令1KB/s
2020-12-07 22:47:32,026 get_daka INFO 20:40:令1KB/s
2020-12-07 22:47:32,028 get_daka INFO 仄@⑧凇无障碍(52
2020-12-07 22:47:32,028 get_daka INFO 仄@⑧凇无障碍(52
2020-12-07 22:47:32,028 get_daka INFO 仄@⑧凇无障碍(52
2020-12-07 22:47:32,029 get_daka INFO 疫情防控通
2020-12-07 22:47:32,029 get_daka INFO 疫情防控通
2020-12-07 22:47:32,029 get_daka INFO 疫情防控通
2020-12-07 22:47:32,030 get_daka INFO 导出列表
2020-12-07 22:47:32,030 get_daka INFO 导出列表
2020-12-07 22:47:32,030 get_daka INFO 导出列表
2020-12-07 22:47:32,031 get_daka INFO 请输入搜索的关键字
2020-12-07 22:47:32,031 get_daka INFO 请输入搜索的关键字
2020-12-07 22:47:32,031 get_daka INFO 请输入搜索的关键字
2020-12-07 22:47:32,031 get_daka INFO 姓名
2020-12-07 22:47:32,031 get_daka INFO 姓名
2020-12-07 22:47:32,031 get_daka INFO 姓名
2020-12-07 22:47:32,033 get_daka INFO 学号身份疑似或上报时
2020-12-07 22:47:32,033 get_daka INFO 学号身份疑似或上报时
2020-12-07 22:47:32,033 get_daka INFO 学号身份疑似或上报时
2020-12-07 22:47:32,033 get_daka INFO 确
2020-12-07 22:47:32,033 get_daka INFO 确
2020-12-07 22:47:32,033 get_daka INFO 确
2020-12-07 22:47:32,034 get_daka INFO 间
2020-12-07 22:47:32,034 get_daka INFO 间
2020-12-07 22:47:32,034 get_daka INFO 间
2020-12-07 22:47:32,035 get_daka INFO ZF20212
2020-12-07 22:47:32,035 get_daka INFO ZF20212
2020-12-07 22:47:32,035 get_daka INFO ZF20212
2020-12-07 22:47:32,036 get_daka INFO 刘光泽
2020-12-07 22:47:32,036 get_daka INFO 刘光泽
2020-12-07 22:47:32,036 get_daka INFO 刘光泽
2020-12-07 22:47:32,037 get_daka INFO 27
2020-12-07 22:47:32,037 get_daka INFO 27
2020-12-07 22:47:32,037 get_daka INFO 27
2020-12-07 22:47:32,038 get_daka INFO 研究生
2020-12-07 22:47:32,038 get_daka INFO 研究生
2020-12-07 22:47:32,038 get_daka INFO 研究生
2020-12-07 22:47:32,039 get_daka INFO 今日未上
2020-12-07 22:47:32,039 get_daka INFO 今日未上
2020-12-07 22:47:32,039 get_daka INFO 今日未上
2020-12-07 22:47:32,040 get_daka INFO 报
2020-12-07 22:47:32,040 get_daka INFO 报
2020-12-07 22:47:32,040 get_daka INFO 报
2020-12-07 22:47:32,041 get_daka INFO 代填
2020-12-07 22:47:32,041 get_daka INFO 代填
2020-12-07 22:47:32,041 get_daka INFO 代填
2020-12-07 22:47:32,043 get_daka INFO 马亮
2020-12-07 22:47:32,043 get_daka INFO 马亮
2020-12-07 22:47:32,043 get_daka INFO 马亮
2020-12-07 22:47:32,045 get_daka INFO ZF20212
2020-12-07 22:47:32,045 get_daka INFO ZF20212
2020-12-07 22:47:32,045 get_daka INFO ZF20212
2020-12-07 22:47:32,046 get_daka INFO 45
2020-12-07 22:47:32,046 get_daka INFO 45
2020-12-07 22:47:32,046 get_daka INFO 45
2020-12-07 22:47:32,047 get_daka INFO 研究生
2020-12-07 22:47:32,047 get_daka INFO 研究生
2020-12-07 22:47:32,047 get_daka INFO 研究生
2020-12-07 22:47:32,048 get_daka INFO 今日未上代填
2020-12-07 22:47:32,048 get_daka INFO 今日未上代填
2020-12-07 22:47:32,048 get_daka INFO 今日未上代填
2020-12-07 22:47:32,050 get_daka INFO 报
2020-12-07 22:47:32,050 get_daka INFO 报
2020-12-07 22:47:32,050 get_daka INFO 报
2020-12-07 22:47:32,050 get_daka INFO 加载完成
2020-12-07 22:47:32,050 get_daka INFO 加载完成
2020-12-07 22:47:32,050 get_daka INFO 加载完成
2020-12-07 22:47:32,052 get_daka INFO Clear info for daka:
2020-12-07 22:47:32,052 get_daka INFO Clear info for daka:
2020-12-07 22:47:32,052 get_daka INFO Clear info for daka:
2020-12-07 22:47:32,052 get_daka INFO 刘光泽
2020-12-07 22:47:32,052 get_daka INFO 刘光泽
2020-12-07 22:47:32,052 get_daka INFO 刘光泽
2020-12-07 22:47:32,054 get_daka INFO 马亮
2020-12-07 22:47:32,054 get_daka INFO 马亮
2020-12-07 22:47:32,054 get_daka INFO 马亮
2020-12-07 22:47:32,535 get_daka INFO Detail info for daka:
2020-12-07 22:47:32,535 get_daka INFO Detail info for daka:
2020-12-07 22:47:32,535 get_daka INFO Detail info for daka:
2020-12-07 22:47:32,537 get_daka INFO 20:40:令1KB/s
2020-12-07 22:47:32,537 get_daka INFO 20:40:令1KB/s
2020-12-07 22:47:32,537 get_daka INFO 20:40:令1KB/s
2020-12-07 22:47:32,538 get_daka INFO 仄@⑧凇无障碍(52
2020-12-07 22:47:32,538 get_daka INFO 仄@⑧凇无障碍(52
2020-12-07 22:47:32,538 get_daka INFO 仄@⑧凇无障碍(52
2020-12-07 22:47:32,539 get_daka INFO 疫情防控通
2020-12-07 22:47:32,539 get_daka INFO 疫情防控通
2020-12-07 22:47:32,539 get_daka INFO 疫情防控通
2020-12-07 22:47:32,540 get_daka INFO 导出列表
2020-12-07 22:47:32,540 get_daka INFO 导出列表
2020-12-07 22:47:32,540 get_daka INFO 导出列表
2020-12-07 22:47:32,541 get_daka INFO 请输入搜索的关键字
2020-12-07 22:47:32,541 get_daka INFO 请输入搜索的关键字
2020-12-07 22:47:32,541 get_daka INFO 请输入搜索的关键字
2020-12-07 22:47:32,543 get_daka INFO 姓名
2020-12-07 22:47:32,543 get_daka INFO 姓名
2020-12-07 22:47:32,543 get_daka INFO 姓名
2020-12-07 22:47:32,545 get_daka INFO 学号身份疑似或上报时
2020-12-07 22:47:32,545 get_daka INFO 学号身份疑似或上报时
2020-12-07 22:47:32,545 get_daka INFO 学号身份疑似或上报时
2020-12-07 22:47:32,546 get_daka INFO 确
2020-12-07 22:47:32,546 get_daka INFO 确
2020-12-07 22:47:32,546 get_daka INFO 确
2020-12-07 22:47:32,547 get_daka INFO 间
2020-12-07 22:47:32,547 get_daka INFO 间
2020-12-07 22:47:32,547 get_daka INFO 间
2020-12-07 22:47:32,548 get_daka INFO ZF20212
2020-12-07 22:47:32,548 get_daka INFO ZF20212
2020-12-07 22:47:32,548 get_daka INFO ZF20212
2020-12-07 22:47:32,549 get_daka INFO 刘光泽
2020-12-07 22:47:32,549 get_daka INFO 刘光泽
2020-12-07 22:47:32,549 get_daka INFO 刘光泽
2020-12-07 22:47:32,550 get_daka INFO 27
2020-12-07 22:47:32,550 get_daka INFO 27
2020-12-07 22:47:32,550 get_daka INFO 27
2020-12-07 22:47:32,551 get_daka INFO 研究生
2020-12-07 22:47:32,551 get_daka INFO 研究生
2020-12-07 22:47:32,551 get_daka INFO 研究生
2020-12-07 22:47:32,552 get_daka INFO 今日未上
2020-12-07 22:47:32,552 get_daka INFO 今日未上
2020-12-07 22:47:32,552 get_daka INFO 今日未上
2020-12-07 22:47:32,553 get_daka INFO 报
2020-12-07 22:47:32,553 get_daka INFO 报
2020-12-07 22:47:32,553 get_daka INFO 报
2020-12-07 22:47:32,554 get_daka INFO 代填
2020-12-07 22:47:32,554 get_daka INFO 代填
2020-12-07 22:47:32,554 get_daka INFO 代填
2020-12-07 22:47:32,555 get_daka INFO 马亮
2020-12-07 22:47:32,555 get_daka INFO 马亮
2020-12-07 22:47:32,555 get_daka INFO 马亮
2020-12-07 22:47:32,556 get_daka INFO ZF20212
2020-12-07 22:47:32,556 get_daka INFO ZF20212
2020-12-07 22:47:32,556 get_daka INFO ZF20212
2020-12-07 22:47:32,557 get_daka INFO 45
2020-12-07 22:47:32,557 get_daka INFO 45
2020-12-07 22:47:32,557 get_daka INFO 45
2020-12-07 22:47:32,558 get_daka INFO 研究生
2020-12-07 22:47:32,558 get_daka INFO 研究生
2020-12-07 22:47:32,558 get_daka INFO 研究生
2020-12-07 22:47:32,560 get_daka INFO 今日未上代填
2020-12-07 22:47:32,560 get_daka INFO 今日未上代填
2020-12-07 22:47:32,560 get_daka INFO 今日未上代填
2020-12-07 22:47:32,562 get_daka INFO 报
2020-12-07 22:47:32,562 get_daka INFO 报
2020-12-07 22:47:32,562 get_daka INFO 报
2020-12-07 22:47:32,563 get_daka INFO 加载完成
2020-12-07 22:47:32,563 get_daka INFO 加载完成
2020-12-07 22:47:32,563 get_daka INFO 加载完成
2020-12-07 22:47:32,565 get_daka INFO Clear info for daka:
2020-12-07 22:47:32,565 get_daka INFO Clear info for daka:
2020-12-07 22:47:32,565 get_daka INFO Clear info for daka:
2020-12-07 22:47:32,566 get_daka INFO 刘光泽
2020-12-07 22:47:32,566 get_daka INFO 刘光泽
2020-12-07 22:47:32,566 get_daka INFO 刘光泽
2020-12-07 22:47:32,567 get_daka INFO 马亮
2020-12-07 22:47:32,567 get_daka INFO 马亮
2020-12-07 22:47:32,567 get_daka INFO 马亮
2020-12-07 22:47:37,475 get_daka INFO Notice info is: @刘光泽 @马亮 
2020-12-07 22:47:37,475 get_daka INFO Notice info is: @刘光泽 @马亮 
2020-12-07 22:47:37,475 get_daka INFO Notice info is: @刘光泽 @马亮 
2020-12-07 22:47:37,802 get_daka INFO Notice info is: @刘光泽 @马亮 
2020-12-07 22:47:37,802 get_daka INFO Notice info is: @刘光泽 @马亮 
2020-12-07 22:47:37,802 get_daka INFO Notice info is: @刘光泽 @马亮 
2020-12-07 22:47:55,394 get_daka INFO Notice info is: @勾涣舒 @黄小钒 @李光通 @李伟 @李延泽 @孟令页 @邱晓英 @渠小萌 @孙敬懿 @王茂军 @王晓雷 @王岩清 @薛超 @杨富盛 @张涛 @赵逢春 @赵高锋 @赵金夺 @赵盼 @庄东燃 
2020-12-07 22:47:55,394 get_daka INFO Notice info is: @勾涣舒 @黄小钒 @李光通 @李伟 @李延泽 @孟令页 @邱晓英 @渠小萌 @孙敬懿 @王茂军 @王晓雷 @王岩清 @薛超 @杨富盛 @张涛 @赵逢春 @赵高锋 @赵金夺 @赵盼 @庄东燃 
2020-12-07 22:47:55,394 get_daka INFO Notice info is: @勾涣舒 @黄小钒 @李光通 @李伟 @李延泽 @孟令页 @邱晓英 @渠小萌 @孙敬懿 @王茂军 @王晓雷 @王岩清 @薛超 @杨富盛 @张涛 @赵逢春 @赵高锋 @赵金夺 @赵盼 @庄东燃 
