2020-12-07 20:33:07,133 MySqlUtils INFO 数据库连接sucessfully!
2020-12-07 20:33:07,134 MySqlUtils INFO exec sql is: insert into daka_info (stu_name, upload_time, is_late) values (%s, %s, %s);, val is: ('杜巍', '2020-12-07 20:33:07', 0)
2020-12-07 20:33:07,923 MySqlUtils INFO 1条记录插入成功。
2020-12-07 20:33:07,924 MySqlUtils INFO exec sql is: insert into daka_info (stu_name, upload_time, is_late) values (%s, %s, %s);, val is: ('李帅z', '2020-12-07 20:33:07', 0)
2020-12-07 20:33:08,853 MySqlUtils INFO 1条记录插入成功。
2020-12-07 20:33:08,854 MySqlUtils INFO exec sql is: insert into daka_info (stu_name, upload_time, is_late) values (%s, %s, %s);, val is: ('佳莹', '2020-12-07 20:33:08', 0)
2020-12-07 20:33:09,688 MySqlUtils INFO 1条记录插入成功。
2020-12-07 20:33:09,689 MySqlUtils INFO exec sql is: insert into daka_info (stu_name, upload_time, is_late) values (%s, %s, %s);, val is: ('王明明', '2020-12-07 20:33:09', 0)
2020-12-07 20:33:11,613 MySqlUtils INFO 1条记录插入成功。
2020-12-07 20:33:11,614 MySqlUtils INFO exec sql is: insert into daka_info (stu_name, upload_time, is_late) values (%s, %s, %s);, val is: ('辛济远', '2020-12-07 20:33:11', 0)
2020-12-07 20:33:12,528 MySqlUtils INFO 1条记录插入成功。
2020-12-07 20:33:12,528 MySqlUtils INFO exec sql is: insert into daka_info (stu_name, upload_time, is_late) values (%s, %s, %s);, val is: ('徐雪洁', '2020-12-07 20:33:12', 0)
2020-12-07 20:33:13,448 MySqlUtils INFO 1条记录插入成功。
2020-12-07 20:35:09,321 MySqlUtils INFO 数据库连接sucessfully!
2020-12-07 20:35:09,323 MySqlUtils INFO exec sql is: insert into daka_info (stu_name, upload_time, is_late) values (%s, %s, %s);, val is: ('杜巍', '2020-12-07 20:35:09', 0)
2020-12-07 20:35:10,055 MySqlUtils INFO 1条记录插入成功。
2020-12-07 20:35:10,055 MySqlUtils INFO exec sql is: insert into daka_info (stu_name, upload_time, is_late) values (%s, %s, %s);, val is: ('王明明', '2020-12-07 20:35:10', 0)
2020-12-07 20:35:11,004 MySqlUtils INFO 1条记录插入成功。
2020-12-07 20:35:11,004 MySqlUtils INFO exec sql is: insert into daka_info (stu_name, upload_time, is_late) values (%s, %s, %s);, val is: ('徐雪洁z', '2020-12-07 20:35:11', 0)
2020-12-07 20:35:11,701 MySqlUtils INFO 1条记录插入成功。
2020-12-07 20:35:11,701 MySqlUtils INFO exec sql is: insert into daka_info (stu_name, upload_time, is_late) values (%s, %s, %s);, val is: ('杨新明', '2020-12-07 20:35:11', 0)
2020-12-07 20:35:12,361 MySqlUtils INFO 1条记录插入成功。
2020-12-07 20:35:12,362 MySqlUtils INFO exec sql is: insert into daka_info (stu_name, upload_time, is_late) values (%s, %s, %s);, val is: ('张静慈', '2020-12-07 20:35:12', 0)
2020-12-07 20:35:13,041 MySqlUtils INFO 1条记录插入成功。
2020-12-07 20:35:13,042 MySqlUtils INFO exec sql is: insert into daka_info (stu_name, upload_time, is_late) values (%s, %s, %s);, val is: ('张宇园z', '2020-12-07 20:35:13', 0)
2020-12-07 20:35:13,721 MySqlUtils INFO 1条记录插入成功。
2020-12-07 20:35:13,722 MySqlUtils INFO exec sql is: insert into daka_info (stu_name, upload_time, is_late) values (%s, %s, %s);, val is: ('赵盼', '2020-12-07 20:35:13', 0)
2020-12-07 20:35:14,462 MySqlUtils INFO 1条记录插入成功。
2020-12-07 20:35:14,462 MySqlUtils INFO exec sql is: insert into daka_info (stu_name, upload_time, is_late) values (%s, %s, %s);, val is: ('郑皓广', '2020-12-07 20:35:14', 0)
2020-12-07 20:35:15,122 MySqlUtils INFO 1条记录插入成功。
2020-12-07 20:36:00,570 MySqlUtils INFO 数据库连接sucessfully!
2020-12-07 20:36:00,572 MySqlUtils INFO exec sql is: insert into daka_info (stu_name, upload_time, is_late) values (%s, %s, %s);, val is: ('杜巍', '2020-12-07 20:36:00', 0)
2020-12-07 20:36:01,220 MySqlUtils INFO 1条记录插入成功。
2020-12-07 20:36:01,221 MySqlUtils INFO exec sql is: insert into daka_info (stu_name, upload_time, is_late) values (%s, %s, %s);, val is: ('王明明', '2020-12-07 20:36:01', 0)
2020-12-07 20:36:01,940 MySqlUtils INFO 1条记录插入成功。
2020-12-07 20:36:01,940 MySqlUtils INFO exec sql is: insert into daka_info (stu_name, upload_time, is_late) values (%s, %s, %s);, val is: ('徐雪洁', '2020-12-07 20:36:01', 0)
2020-12-07 20:36:03,132 MySqlUtils INFO 1条记录插入成功。
2020-12-07 20:36:03,132 MySqlUtils INFO exec sql is: insert into daka_info (stu_name, upload_time, is_late) values (%s, %s, %s);, val is: ('杨新明', '2020-12-07 20:36:03', 0)
2020-12-07 20:36:03,910 MySqlUtils INFO 1条记录插入成功。
2020-12-07 20:36:03,910 MySqlUtils INFO exec sql is: insert into daka_info (stu_name, upload_time, is_late) values (%s, %s, %s);, val is: ('张静慈', '2020-12-07 20:36:03', 0)
2020-12-07 20:36:04,580 MySqlUtils INFO 1条记录插入成功。
2020-12-07 20:36:04,580 MySqlUtils INFO exec sql is: insert into daka_info (stu_name, upload_time, is_late) values (%s, %s, %s);, val is: ('张宇园', '2020-12-07 20:36:04', 0)
2020-12-07 20:36:05,900 MySqlUtils INFO 1条记录插入成功。
2020-12-07 20:36:05,901 MySqlUtils INFO exec sql is: insert into daka_info (stu_name, upload_time, is_late) values (%s, %s, %s);, val is: ('赵盼', '2020-12-07 20:36:05', 0)
2020-12-07 20:36:06,700 MySqlUtils INFO 1条记录插入成功。
2020-12-07 20:36:06,701 MySqlUtils INFO exec sql is: insert into daka_info (stu_name, upload_time, is_late) values (%s, %s, %s);, val is: ('郑皓广', '2020-12-07 20:36:06', 0)
2020-12-07 20:36:07,460 MySqlUtils INFO 1条记录插入成功。
2020-12-07 20:38:07,533 MySqlUtils INFO 数据库连接sucessfully!
2020-12-07 20:38:07,533 MySqlUtils INFO exec sql is: insert into daka_info (stu_name, upload_time, is_late) values (%s, %s, %s);, val is: ('曾建伟', '2020-12-07 20:38:07', 0)
2020-12-07 20:38:08,332 MySqlUtils INFO 1条记录插入成功。
2020-12-07 20:38:08,333 MySqlUtils INFO exec sql is: insert into daka_info (stu_name, upload_time, is_late) values (%s, %s, %s);, val is: ('杜巍', '2020-12-07 20:38:08', 0)
2020-12-07 20:38:09,133 MySqlUtils INFO 1条记录插入成功。
2020-12-07 20:38:09,133 MySqlUtils INFO exec sql is: insert into daka_info (stu_name, upload_time, is_late) values (%s, %s, %s);, val is: ('王明明', '2020-12-07 20:38:09', 0)
2020-12-07 20:38:09,857 MySqlUtils INFO 1条记录插入成功。
2020-12-07 20:38:09,858 MySqlUtils INFO exec sql is: insert into daka_info (stu_name, upload_time, is_late) values (%s, %s, %s);, val is: ('徐雪洁', '2020-12-07 20:38:09', 0)
2020-12-07 20:38:10,853 MySqlUtils INFO 1条记录插入成功。
2020-12-07 20:38:10,853 MySqlUtils INFO exec sql is: insert into daka_info (stu_name, upload_time, is_late) values (%s, %s, %s);, val is: ('杨新明', '2020-12-07 20:38:10', 0)
2020-12-07 20:38:11,618 MySqlUtils INFO 1条记录插入成功。
2020-12-07 20:38:11,619 MySqlUtils INFO exec sql is: insert into daka_info (stu_name, upload_time, is_late) values (%s, %s, %s);, val is: ('张静慈', '2020-12-07 20:38:11', 0)
2020-12-07 20:38:12,372 MySqlUtils INFO 1条记录插入成功。
2020-12-07 20:38:12,373 MySqlUtils INFO exec sql is: insert into daka_info (stu_name, upload_time, is_late) values (%s, %s, %s);, val is: ('张宇园', '2020-12-07 20:38:12', 0)
2020-12-07 20:38:13,103 MySqlUtils INFO 1条记录插入成功。
2020-12-07 20:38:13,103 MySqlUtils INFO exec sql is: insert into daka_info (stu_name, upload_time, is_late) values (%s, %s, %s);, val is: ('赵盼', '2020-12-07 20:38:13', 0)
2020-12-07 20:38:13,939 MySqlUtils INFO 1条记录插入成功。
2020-12-07 20:38:13,939 MySqlUtils INFO exec sql is: insert into daka_info (stu_name, upload_time, is_late) values (%s, %s, %s);, val is: ('郑皓广', '2020-12-07 20:38:13', 0)
2020-12-07 20:38:14,815 MySqlUtils INFO 1条记录插入成功。
2020-12-07 20:38:52,983 MySqlUtils INFO 数据库连接sucessfully!
2020-12-07 20:38:52,984 MySqlUtils INFO exec sql is: insert into daka_info (stu_name, upload_time, is_late) values (%s, %s, %s);, val is: ('曾建伟', '2020-12-07 20:38:52', 0)
2020-12-07 20:38:53,735 MySqlUtils INFO 1条记录插入成功。
2020-12-07 20:38:53,735 MySqlUtils INFO exec sql is: insert into daka_info (stu_name, upload_time, is_late) values (%s, %s, %s);, val is: ('杜巍', '2020-12-07 20:38:53', 0)
2020-12-07 20:38:54,753 MySqlUtils INFO 1条记录插入成功。
2020-12-07 20:38:54,754 MySqlUtils INFO exec sql is: insert into daka_info (stu_name, upload_time, is_late) values (%s, %s, %s);, val is: ('李帅', '2020-12-07 20:38:54', 0)
2020-12-07 20:38:55,573 MySqlUtils INFO 1条记录插入成功。
2020-12-07 20:38:55,574 MySqlUtils INFO exec sql is: insert into daka_info (stu_name, upload_time, is_late) values (%s, %s, %s);, val is: ('佳莹', '2020-12-07 20:38:55', 0)
2020-12-07 20:38:57,093 MySqlUtils INFO 1条记录插入成功。
2020-12-07 20:38:57,094 MySqlUtils INFO exec sql is: insert into daka_info (stu_name, upload_time, is_late) values (%s, %s, %s);, val is: ('王明明', '2020-12-07 20:38:57', 0)
2020-12-07 20:38:57,813 MySqlUtils INFO 1条记录插入成功。
2020-12-07 20:38:57,814 MySqlUtils INFO exec sql is: insert into daka_info (stu_name, upload_time, is_late) values (%s, %s, %s);, val is: ('辛济远', '2020-12-07 20:38:57', 0)
2020-12-07 20:38:59,854 MySqlUtils INFO 1条记录插入成功。
2020-12-07 20:38:59,854 MySqlUtils INFO exec sql is: insert into daka_info (stu_name, upload_time, is_late) values (%s, %s, %s);, val is: ('徐雪洁', '2020-12-07 20:38:59', 0)
2020-12-07 20:39:00,540 MySqlUtils INFO 1条记录插入成功。
2020-12-07 20:39:45,413 MySqlUtils INFO 数据库连接sucessfully!
2020-12-07 20:39:45,413 MySqlUtils INFO exec sql is: insert into daka_info (stu_name, upload_time, is_late) values (%s, %s, %s);, val is: ('曾建伟', '2020-12-07 20:39:45', 0)
2020-12-07 20:39:46,221 MySqlUtils INFO 1条记录插入成功。
2020-12-07 20:39:46,222 MySqlUtils INFO exec sql is: insert into daka_info (stu_name, upload_time, is_late) values (%s, %s, %s);, val is: ('杜巍', '2020-12-07 20:39:46', 0)
2020-12-07 20:39:47,123 MySqlUtils INFO 1条记录插入成功。
2020-12-07 20:39:47,123 MySqlUtils INFO exec sql is: insert into daka_info (stu_name, upload_time, is_late) values (%s, %s, %s);, val is: ('王明明', '2020-12-07 20:39:47', 0)
2020-12-07 20:39:47,955 MySqlUtils INFO 1条记录插入成功。
2020-12-07 20:39:47,955 MySqlUtils INFO exec sql is: insert into daka_info (stu_name, upload_time, is_late) values (%s, %s, %s);, val is: ('徐雪洁', '2020-12-07 20:39:47', 0)
2020-12-07 20:39:48,752 MySqlUtils INFO 1条记录插入成功。
2020-12-07 20:39:48,753 MySqlUtils INFO exec sql is: insert into daka_info (stu_name, upload_time, is_late) values (%s, %s, %s);, val is: ('杨新明', '2020-12-07 20:39:48', 0)
2020-12-07 20:39:49,412 MySqlUtils INFO 1条记录插入成功。
2020-12-07 20:39:49,413 MySqlUtils INFO exec sql is: insert into daka_info (stu_name, upload_time, is_late) values (%s, %s, %s);, val is: ('张静慈', '2020-12-07 20:39:49', 0)
2020-12-07 20:39:50,213 MySqlUtils INFO 1条记录插入成功。
2020-12-07 20:39:50,214 MySqlUtils INFO exec sql is: insert into daka_info (stu_name, upload_time, is_late) values (%s, %s, %s);, val is: ('张宇园', '2020-12-07 20:39:50', 0)
2020-12-07 20:39:50,933 MySqlUtils INFO 1条记录插入成功。
2020-12-07 20:39:50,934 MySqlUtils INFO exec sql is: insert into daka_info (stu_name, upload_time, is_late) values (%s, %s, %s);, val is: ('赵盼', '2020-12-07 20:39:50', 0)
2020-12-07 20:39:51,623 MySqlUtils INFO 1条记录插入成功。
2020-12-07 20:39:51,623 MySqlUtils INFO exec sql is: insert into daka_info (stu_name, upload_time, is_late) values (%s, %s, %s);, val is: ('郑皓广', '2020-12-07 20:39:51', 0)
2020-12-07 20:39:52,253 MySqlUtils INFO 1条记录插入成功。
2020-12-07 21:03:26,974 MySqlUtils INFO 数据库连接sucessfully!
2020-12-07 21:03:26,976 MySqlUtils INFO exec sql is: insert into daka_info (stu_name, upload_time, is_late) values (%s, %s, %s);, val is: ('曾建伟', '2020-12-07 21:03:26', 0)
2020-12-07 21:03:28,110 MySqlUtils INFO 1条记录插入成功。
2020-12-07 21:03:28,111 MySqlUtils INFO exec sql is: insert into daka_info (stu_name, upload_time, is_late) values (%s, %s, %s);, val is: ('杜巍', '2020-12-07 21:03:28', 0)
2020-12-07 21:03:29,227 MySqlUtils INFO 1条记录插入成功。
2020-12-07 21:03:29,228 MySqlUtils INFO exec sql is: insert into daka_info (stu_name, upload_time, is_late) values (%s, %s, %s);, val is: ('李帅', '2020-12-07 21:03:29', 0)
2020-12-07 21:03:30,349 MySqlUtils INFO 1条记录插入成功。
2020-12-07 21:03:30,350 MySqlUtils INFO exec sql is: insert into daka_info (stu_name, upload_time, is_late) values (%s, %s, %s);, val is: ('佳莹', '2020-12-07 21:03:30', 0)
2020-12-07 21:03:31,465 MySqlUtils INFO 1条记录插入成功。
2020-12-07 21:03:31,466 MySqlUtils INFO exec sql is: insert into daka_info (stu_name, upload_time, is_late) values (%s, %s, %s);, val is: ('王明明', '2020-12-07 21:03:31', 0)
2020-12-07 21:03:32,495 MySqlUtils INFO 1条记录插入成功。
2020-12-07 21:03:32,496 MySqlUtils INFO exec sql is: insert into daka_info (stu_name, upload_time, is_late) values (%s, %s, %s);, val is: ('辛济远', '2020-12-07 21:03:32', 0)
2020-12-07 21:03:33,453 MySqlUtils INFO 1条记录插入成功。
2020-12-07 21:03:33,454 MySqlUtils INFO exec sql is: insert into daka_info (stu_name, upload_time, is_late) values (%s, %s, %s);, val is: ('徐雪洁', '2020-12-07 21:03:33', 0)
2020-12-07 21:03:34,493 MySqlUtils INFO 1条记录插入成功。
2020-12-07 21:31:59,124 MySqlUtils INFO 数据库连接sucessfully!
2020-12-07 21:31:59,125 MySqlUtils INFO exec sql is: insert into daka_info (stu_name, upload_time, is_late) values (%s, %s, %s);, val is: ('曾建伟', '2020-12-07 21:31:59', 0)
2020-12-07 21:32:00,110 MySqlUtils INFO 1条记录插入成功。
2020-12-07 21:32:00,111 MySqlUtils INFO exec sql is: insert into daka_info (stu_name, upload_time, is_late) values (%s, %s, %s);, val is: ('杜巍', '2020-12-07 21:32:00', 0)
2020-12-07 21:32:01,149 MySqlUtils INFO 1条记录插入成功。
2020-12-07 21:32:01,150 MySqlUtils INFO exec sql is: insert into daka_info (stu_name, upload_time, is_late) values (%s, %s, %s);, val is: ('李帅', '2020-12-07 21:32:01', 0)
2020-12-07 21:32:02,156 MySqlUtils INFO 1条记录插入成功。
2020-12-07 21:32:02,156 MySqlUtils INFO exec sql is: insert into daka_info (stu_name, upload_time, is_late) values (%s, %s, %s);, val is: ('佳莹', '2020-12-07 21:32:02', 0)
2020-12-07 21:32:03,124 MySqlUtils INFO 1条记录插入成功。
2020-12-07 21:32:03,125 MySqlUtils INFO exec sql is: insert into daka_info (stu_name, upload_time, is_late) values (%s, %s, %s);, val is: ('王明明', '2020-12-07 21:32:03', 0)
2020-12-07 21:32:04,156 MySqlUtils INFO 1条记录插入成功。
2020-12-07 21:32:04,157 MySqlUtils INFO exec sql is: insert into daka_info (stu_name, upload_time, is_late) values (%s, %s, %s);, val is: ('辛济远', '2020-12-07 21:32:04', 0)
2020-12-07 21:32:05,760 MySqlUtils INFO 1条记录插入成功。
2020-12-07 21:32:05,761 MySqlUtils INFO exec sql is: insert into daka_info (stu_name, upload_time, is_late) values (%s, %s, %s);, val is: ('徐雪洁', '2020-12-07 21:32:05', 0)
2020-12-07 21:32:06,974 MySqlUtils INFO 1条记录插入成功。
2020-12-07 21:35:15,430 MySqlUtils INFO 数据库连接sucessfully!
2020-12-07 21:35:15,430 MySqlUtils INFO exec sql is: insert into daka_info (stu_name, upload_time, is_late) values (%s, %s, %s);, val is: ('曾建伟', '2020-12-07 21:35:15', 0)
2020-12-07 21:35:16,581 MySqlUtils INFO 1条记录插入成功。
2020-12-07 21:35:16,582 MySqlUtils INFO exec sql is: insert into daka_info (stu_name, upload_time, is_late) values (%s, %s, %s);, val is: ('杜巍', '2020-12-07 21:35:16', 0)
2020-12-07 21:35:17,718 MySqlUtils INFO 1条记录插入成功。
2020-12-07 21:35:17,719 MySqlUtils INFO exec sql is: insert into daka_info (stu_name, upload_time, is_late) values (%s, %s, %s);, val is: ('李帅', '2020-12-07 21:35:17', 0)
2020-12-07 21:35:18,947 MySqlUtils INFO 1条记录插入成功。
2020-12-07 21:35:18,948 MySqlUtils INFO exec sql is: insert into daka_info (stu_name, upload_time, is_late) values (%s, %s, %s);, val is: ('佳莹', '2020-12-07 21:35:18', 0)
2020-12-07 21:35:20,142 MySqlUtils INFO 1条记录插入成功。
2020-12-07 21:35:20,143 MySqlUtils INFO exec sql is: insert into daka_info (stu_name, upload_time, is_late) values (%s, %s, %s);, val is: ('王明明', '2020-12-07 21:35:20', 0)
2020-12-07 21:35:22,684 MySqlUtils INFO 1条记录插入成功。
2020-12-07 21:35:22,685 MySqlUtils INFO exec sql is: insert into daka_info (stu_name, upload_time, is_late) values (%s, %s, %s);, val is: ('辛济远', '2020-12-07 21:35:22', 0)
2020-12-07 21:35:23,860 MySqlUtils INFO 1条记录插入成功。
2020-12-07 21:35:23,860 MySqlUtils INFO exec sql is: insert into daka_info (stu_name, upload_time, is_late) values (%s, %s, %s);, val is: ('徐雪洁', '2020-12-07 21:35:23', 0)
2020-12-07 21:35:25,064 MySqlUtils INFO 1条记录插入成功。
2020-12-07 22:19:31,653 MySqlUtils INFO 数据库连接sucessfully!
2020-12-07 22:19:31,654 MySqlUtils INFO exec sql is: insert into daka_info (stu_name, upload_time, is_late) values (%s, %s, %s);, val is: ('蔡丽丽', '2020-12-07 22:19:31', 0)
2020-12-07 22:19:33,808 MySqlUtils INFO 1条记录插入成功。
2020-12-07 22:19:33,808 MySqlUtils INFO exec sql is: insert into daka_info (stu_name, upload_time, is_late) values (%s, %s, %s);, val is: ('陈政伟', '2020-12-07 22:19:33', 0)
2020-12-07 22:19:35,538 MySqlUtils INFO 1条记录插入成功。
2020-12-07 22:19:35,538 MySqlUtils INFO exec sql is: insert into daka_info (stu_name, upload_time, is_late) values (%s, %s, %s);, val is: ('崔亦旭', '2020-12-07 22:19:35', 0)
2020-12-07 22:19:36,618 MySqlUtils INFO 1条记录插入成功。
2020-12-07 22:19:36,619 MySqlUtils INFO exec sql is: insert into daka_info (stu_name, upload_time, is_late) values (%s, %s, %s);, val is: ('耿书鹏', '2020-12-07 22:19:36', 0)
2020-12-07 22:19:38,079 MySqlUtils INFO 1条记录插入成功。
2020-12-07 22:19:38,079 MySqlUtils INFO exec sql is: insert into daka_info (stu_name, upload_time, is_late) values (%s, %s, %s);, val is: ('何志谦', '2020-12-07 22:19:38', 0)
2020-12-07 22:19:39,043 MySqlUtils INFO 1条记录插入成功。
2020-12-07 22:19:39,044 MySqlUtils INFO exec sql is: insert into daka_info (stu_name, upload_time, is_late) values (%s, %s, %s);, val is: ('黄凯', '2020-12-07 22:19:39', 0)
2020-12-07 22:19:41,240 MySqlUtils INFO 1条记录插入成功。
2020-12-07 22:19:41,240 MySqlUtils INFO exec sql is: insert into daka_info (stu_name, upload_time, is_late) values (%s, %s, %s);, val is: ('李伟', '2020-12-07 22:19:41', 0)
2020-12-07 22:19:42,333 MySqlUtils INFO 1条记录插入成功。
2020-12-07 22:19:42,334 MySqlUtils INFO exec sql is: insert into daka_info (stu_name, upload_time, is_late) values (%s, %s, %s);, val is: ('孟令页', '2020-12-07 22:19:42', 0)
2020-12-07 22:19:44,156 MySqlUtils INFO 1条记录插入成功。
2020-12-07 22:19:44,156 MySqlUtils INFO exec sql is: insert into daka_info (stu_name, upload_time, is_late) values (%s, %s, %s);, val is: ('史学冬', '2020-12-07 22:19:44', 0)
2020-12-07 22:19:45,448 MySqlUtils INFO 1条记录插入成功。
2020-12-07 22:19:45,449 MySqlUtils INFO exec sql is: insert into daka_info (stu_name, upload_time, is_late) values (%s, %s, %s);, val is: ('宋磊', '2020-12-07 22:19:45', 0)
2020-12-07 22:19:46,478 MySqlUtils INFO 1条记录插入成功。
2020-12-07 22:19:46,479 MySqlUtils INFO exec sql is: insert into daka_info (stu_name, upload_time, is_late) values (%s, %s, %s);, val is: ('王红雁', '2020-12-07 22:19:46', 0)
2020-12-07 22:19:47,563 MySqlUtils INFO 1条记录插入成功。
2020-12-07 22:19:47,563 MySqlUtils INFO exec sql is: insert into daka_info (stu_name, upload_time, is_late) values (%s, %s, %s);, val is: ('王茂军', '2020-12-07 22:19:47', 0)
2020-12-07 22:19:49,154 MySqlUtils INFO 1条记录插入成功。
2020-12-07 22:19:49,155 MySqlUtils INFO exec sql is: insert into daka_info (stu_name, upload_time, is_late) values (%s, %s, %s);, val is: ('王润生', '2020-12-07 22:19:49', 0)
2020-12-07 22:19:51,158 MySqlUtils INFO 1条记录插入成功。
2020-12-07 22:19:51,159 MySqlUtils INFO exec sql is: insert into daka_info (stu_name, upload_time, is_late) values (%s, %s, %s);, val is: ('伍麟', '2020-12-07 22:19:51', 0)
2020-12-07 22:19:52,958 MySqlUtils INFO 1条记录插入成功。
2020-12-07 22:19:52,958 MySqlUtils INFO exec sql is: insert into daka_info (stu_name, upload_time, is_late) values (%s, %s, %s);, val is: ('辛济远', '2020-12-07 22:19:52', 0)
2020-12-07 22:19:54,919 MySqlUtils INFO 1条记录插入成功。
2020-12-07 22:19:54,919 MySqlUtils INFO exec sql is: insert into daka_info (stu_name, upload_time, is_late) values (%s, %s, %s);, val is: ('薛超', '2020-12-07 22:19:54', 0)
2020-12-07 22:19:56,158 MySqlUtils INFO 1条记录插入成功。
2020-12-07 22:19:56,158 MySqlUtils INFO exec sql is: insert into daka_info (stu_name, upload_time, is_late) values (%s, %s, %s);, val is: ('袁振洪', '2020-12-07 22:19:56', 0)
2020-12-07 22:19:57,520 MySqlUtils INFO 1条记录插入成功。
2020-12-07 22:19:57,520 MySqlUtils INFO exec sql is: insert into daka_info (stu_name, upload_time, is_late) values (%s, %s, %s);, val is: ('张涛', '2020-12-07 22:19:57', 0)
2020-12-07 22:19:58,878 MySqlUtils INFO 1条记录插入成功。
2020-12-07 22:19:58,878 MySqlUtils INFO exec sql is: insert into daka_info (stu_name, upload_time, is_late) values (%s, %s, %s);, val is: ('赵乾宇', '2020-12-07 22:19:58', 0)
2020-12-07 22:19:59,839 MySqlUtils INFO 1条记录插入成功。
2020-12-07 22:21:05,484 MySqlUtils INFO 数据库连接sucessfully!
2020-12-07 22:21:05,485 MySqlUtils INFO exec sql is: insert into daka_info (stu_name, upload_time, is_late) values (%s, %s, %s);, val is: ('蔡丽丽', '2020-12-07 22:21:05', 0)
2020-12-07 22:21:07,478 MySqlUtils INFO 1条记录插入成功。
2020-12-07 22:21:07,478 MySqlUtils INFO exec sql is: insert into daka_info (stu_name, upload_time, is_late) values (%s, %s, %s);, val is: ('陈政伟', '2020-12-07 22:21:07', 0)
2020-12-07 22:21:08,678 MySqlUtils INFO 1条记录插入成功。
2020-12-07 22:21:08,679 MySqlUtils INFO exec sql is: insert into daka_info (stu_name, upload_time, is_late) values (%s, %s, %s);, val is: ('崔亦旭', '2020-12-07 22:21:08', 0)
2020-12-07 22:21:10,398 MySqlUtils INFO 1条记录插入成功。
2020-12-07 22:21:10,399 MySqlUtils INFO exec sql is: insert into daka_info (stu_name, upload_time, is_late) values (%s, %s, %s);, val is: ('耿书鹏', '2020-12-07 22:21:10', 0)
2020-12-07 22:21:11,453 MySqlUtils INFO 1条记录插入成功。
2020-12-07 22:21:11,453 MySqlUtils INFO exec sql is: insert into daka_info (stu_name, upload_time, is_late) values (%s, %s, %s);, val is: ('何志谦', '2020-12-07 22:21:11', 0)
2020-12-07 22:21:12,798 MySqlUtils INFO 1条记录插入成功。
2020-12-07 22:21:12,798 MySqlUtils INFO exec sql is: insert into daka_info (stu_name, upload_time, is_late) values (%s, %s, %s);, val is: ('黄凯', '2020-12-07 22:21:12', 0)
2020-12-07 22:21:13,848 MySqlUtils INFO 1条记录插入成功。
2020-12-07 22:21:13,848 MySqlUtils INFO exec sql is: insert into daka_info (stu_name, upload_time, is_late) values (%s, %s, %s);, val is: ('李伟', '2020-12-07 22:21:13', 0)
2020-12-07 22:21:15,823 MySqlUtils INFO 1条记录插入成功。
2020-12-07 22:21:15,824 MySqlUtils INFO exec sql is: insert into daka_info (stu_name, upload_time, is_late) values (%s, %s, %s);, val is: ('孟令页', '2020-12-07 22:21:15', 0)
2020-12-07 22:21:16,930 MySqlUtils INFO 1条记录插入成功。
2020-12-07 22:21:16,931 MySqlUtils INFO exec sql is: insert into daka_info (stu_name, upload_time, is_late) values (%s, %s, %s);, val is: ('史学冬', '2020-12-07 22:21:16', 0)
2020-12-07 22:21:18,278 MySqlUtils INFO 1条记录插入成功。
2020-12-07 22:21:18,278 MySqlUtils INFO exec sql is: insert into daka_info (stu_name, upload_time, is_late) values (%s, %s, %s);, val is: ('宋磊', '2020-12-07 22:21:18', 0)
2020-12-07 22:21:19,274 MySqlUtils INFO 1条记录插入成功。
2020-12-07 22:21:19,274 MySqlUtils INFO exec sql is: insert into daka_info (stu_name, upload_time, is_late) values (%s, %s, %s);, val is: ('王红雁', '2020-12-07 22:21:19', 0)
2020-12-07 22:21:20,280 MySqlUtils INFO 1条记录插入成功。
2020-12-07 22:21:20,280 MySqlUtils INFO exec sql is: insert into daka_info (stu_name, upload_time, is_late) values (%s, %s, %s);, val is: ('王茂军', '2020-12-07 22:21:20', 0)
2020-12-07 22:21:21,573 MySqlUtils INFO 1条记录插入成功。
2020-12-07 22:21:21,573 MySqlUtils INFO exec sql is: insert into daka_info (stu_name, upload_time, is_late) values (%s, %s, %s);, val is: ('王润生', '2020-12-07 22:21:21', 0)
2020-12-07 22:21:22,580 MySqlUtils INFO 1条记录插入成功。
2020-12-07 22:21:22,580 MySqlUtils INFO exec sql is: insert into daka_info (stu_name, upload_time, is_late) values (%s, %s, %s);, val is: ('伍麟', '2020-12-07 22:21:22', 0)
2020-12-07 22:21:24,243 MySqlUtils INFO 1条记录插入成功。
2020-12-07 22:21:24,244 MySqlUtils INFO exec sql is: insert into daka_info (stu_name, upload_time, is_late) values (%s, %s, %s);, val is: ('辛济远', '2020-12-07 22:21:24', 0)
2020-12-07 22:21:25,544 MySqlUtils INFO 1条记录插入成功。
2020-12-07 22:21:25,544 MySqlUtils INFO exec sql is: insert into daka_info (stu_name, upload_time, is_late) values (%s, %s, %s);, val is: ('薛超', '2020-12-07 22:21:25', 0)
2020-12-07 22:21:27,730 MySqlUtils INFO 1条记录插入成功。
2020-12-07 22:21:27,730 MySqlUtils INFO exec sql is: insert into daka_info (stu_name, upload_time, is_late) values (%s, %s, %s);, val is: ('袁振洪', '2020-12-07 22:21:27', 0)
2020-12-07 22:21:29,489 MySqlUtils INFO 1条记录插入成功。
2020-12-07 22:21:29,489 MySqlUtils INFO exec sql is: insert into daka_info (stu_name, upload_time, is_late) values (%s, %s, %s);, val is: ('张涛', '2020-12-07 22:21:29', 0)
2020-12-07 22:21:30,533 MySqlUtils INFO 1条记录插入成功。
2020-12-07 22:21:30,533 MySqlUtils INFO exec sql is: insert into daka_info (stu_name, upload_time, is_late) values (%s, %s, %s);, val is: ('赵乾宇', '2020-12-07 22:21:30', 0)
2020-12-07 22:21:31,669 MySqlUtils INFO 1条记录插入成功。
2020-12-07 22:50:02,532 MySqlUtils INFO 数据库连接sucessfully!
2020-12-07 22:50:02,533 MySqlUtils INFO exec sql is: insert into daka_info (stu_name, upload_time, is_late) values (%s, %s, %s);, val is: ('邱晓英', '2020-12-07 22:50:02', 0)
2020-12-07 22:50:04,412 MySqlUtils INFO 1条记录插入成功。
2020-12-07 22:51:52,021 MySqlUtils INFO 数据库连接sucessfully!
2020-12-07 22:51:52,022 MySqlUtils INFO exec sql is: insert into daka_info (stu_name, upload_time, is_late) values (%s, %s, %s);, val is: ('蔡丽丽', '2020-12-07 22:51:52', 0)
2020-12-07 22:51:53,747 MySqlUtils INFO 1条记录插入成功。
2020-12-07 22:51:53,748 MySqlUtils INFO exec sql is: insert into daka_info (stu_name, upload_time, is_late) values (%s, %s, %s);, val is: ('陈政伟', '2020-12-07 22:51:53', 0)
2020-12-07 22:51:55,232 MySqlUtils INFO 1条记录插入成功。
2020-12-07 22:51:55,234 MySqlUtils INFO exec sql is: insert into daka_info (stu_name, upload_time, is_late) values (%s, %s, %s);, val is: ('崔亦旭', '2020-12-07 22:51:55', 0)
2020-12-07 22:51:58,022 MySqlUtils INFO 1条记录插入成功。
2020-12-07 22:51:58,023 MySqlUtils INFO exec sql is: insert into daka_info (stu_name, upload_time, is_late) values (%s, %s, %s);, val is: ('耿书鹏', '2020-12-07 22:51:58', 0)
2020-12-07 22:51:59,461 MySqlUtils INFO 1条记录插入成功。
2020-12-07 22:51:59,461 MySqlUtils INFO exec sql is: insert into daka_info (stu_name, upload_time, is_late) values (%s, %s, %s);, val is: ('何志谦', '2020-12-07 22:51:59', 0)
2020-12-07 22:52:01,543 MySqlUtils INFO 1条记录插入成功。
2020-12-07 22:52:01,544 MySqlUtils INFO exec sql is: insert into daka_info (stu_name, upload_time, is_late) values (%s, %s, %s);, val is: ('黄凯', '2020-12-07 22:52:01', 0)
2020-12-07 22:52:03,186 MySqlUtils INFO 1条记录插入成功。
2020-12-07 22:52:03,187 MySqlUtils INFO exec sql is: insert into daka_info (stu_name, upload_time, is_late) values (%s, %s, %s);, val is: ('李伟', '2020-12-07 22:52:03', 0)
2020-12-07 22:52:05,189 MySqlUtils INFO 1条记录插入成功。
2020-12-07 22:52:05,189 MySqlUtils INFO exec sql is: insert into daka_info (stu_name, upload_time, is_late) values (%s, %s, %s);, val is: ('孟令页', '2020-12-07 22:52:05', 0)
2020-12-07 22:52:06,901 MySqlUtils INFO 1条记录插入成功。
2020-12-07 22:52:06,902 MySqlUtils INFO exec sql is: insert into daka_info (stu_name, upload_time, is_late) values (%s, %s, %s);, val is: ('史学冬', '2020-12-07 22:52:06', 0)
2020-12-07 22:52:09,813 MySqlUtils INFO 1条记录插入成功。
2020-12-07 22:52:09,814 MySqlUtils INFO exec sql is: insert into daka_info (stu_name, upload_time, is_late) values (%s, %s, %s);, val is: ('宋磊', '2020-12-07 22:52:09', 0)
2020-12-07 22:52:10,826 MySqlUtils INFO 1条记录插入成功。
2020-12-07 22:52:10,827 MySqlUtils INFO exec sql is: insert into daka_info (stu_name, upload_time, is_late) values (%s, %s, %s);, val is: ('王红雁', '2020-12-07 22:52:10', 0)
2020-12-07 22:52:12,631 MySqlUtils INFO 1条记录插入成功。
2020-12-07 22:52:12,632 MySqlUtils INFO exec sql is: insert into daka_info (stu_name, upload_time, is_late) values (%s, %s, %s);, val is: ('王茂军', '2020-12-07 22:52:12', 0)
2020-12-07 22:52:13,621 MySqlUtils INFO 1条记录插入成功。
2020-12-07 22:52:13,622 MySqlUtils INFO exec sql is: insert into daka_info (stu_name, upload_time, is_late) values (%s, %s, %s);, val is: ('王润生', '2020-12-07 22:52:13', 0)
2020-12-07 22:52:15,331 MySqlUtils INFO 1条记录插入成功。
2020-12-07 22:52:15,332 MySqlUtils INFO exec sql is: insert into daka_info (stu_name, upload_time, is_late) values (%s, %s, %s);, val is: ('伍麟', '2020-12-07 22:52:15', 0)
2020-12-07 22:52:16,381 MySqlUtils INFO 1条记录插入成功。
2020-12-07 22:52:16,382 MySqlUtils INFO exec sql is: insert into daka_info (stu_name, upload_time, is_late) values (%s, %s, %s);, val is: ('辛济远', '2020-12-07 22:52:16', 0)
2020-12-07 22:52:17,701 MySqlUtils INFO 1条记录插入成功。
2020-12-07 22:52:17,702 MySqlUtils INFO exec sql is: insert into daka_info (stu_name, upload_time, is_late) values (%s, %s, %s);, val is: ('薛超', '2020-12-07 22:52:17', 0)
2020-12-07 22:52:19,058 MySqlUtils INFO 1条记录插入成功。
2020-12-07 22:52:19,058 MySqlUtils INFO exec sql is: insert into daka_info (stu_name, upload_time, is_late) values (%s, %s, %s);, val is: ('袁振洪', '2020-12-07 22:52:19', 0)
2020-12-07 22:52:20,426 MySqlUtils INFO 1条记录插入成功。
2020-12-07 22:52:20,427 MySqlUtils INFO exec sql is: insert into daka_info (stu_name, upload_time, is_late) values (%s, %s, %s);, val is: ('张涛', '2020-12-07 22:52:20', 0)
2020-12-07 22:52:21,458 MySqlUtils INFO 1条记录插入成功。
2020-12-07 22:52:21,459 MySqlUtils INFO exec sql is: insert into daka_info (stu_name, upload_time, is_late) values (%s, %s, %s);, val is: ('赵乾宇', '2020-12-07 22:52:21', 0)
2020-12-07 22:52:23,261 MySqlUtils INFO 1条记录插入成功。
2020-12-07 22:53:31,977 MySqlUtils INFO 数据库连接sucessfully!
2020-12-07 22:53:31,977 MySqlUtils INFO exec sql is: insert into daka_info (stu_name, upload_time, is_late) values (%s, %s, %s);, val is: ('石俊', '2020-12-07 22:53:31', 0)
2020-12-07 22:53:33,867 MySqlUtils INFO 1条记录插入成功。
2020-12-07 22:53:33,868 MySqlUtils INFO exec sql is: insert into daka_info (stu_name, upload_time, is_late) values (%s, %s, %s);, val is: ('张宇园', '2020-12-07 22:53:33', 0)
2020-12-07 22:53:35,532 MySqlUtils INFO 数据库连接sucessfully!
2020-12-07 22:53:35,532 MySqlUtils INFO exec sql is: insert into daka_info (stu_name, upload_time, is_late) values (%s, %s, %s);, val is: ('蔡丽丽', '2020-12-07 22:53:35', 0)
2020-12-07 22:53:35,622 MySqlUtils INFO 1条记录插入成功。
2020-12-07 22:53:38,332 MySqlUtils INFO 1条记录插入成功。
2020-12-07 22:53:38,332 MySqlUtils INFO exec sql is: insert into daka_info (stu_name, upload_time, is_late) values (%s, %s, %s);, val is: ('陈政伟', '2020-12-07 22:53:38', 0)
2020-12-07 22:53:39,937 MySqlUtils INFO 1条记录插入成功。
2020-12-07 22:53:39,938 MySqlUtils INFO exec sql is: insert into daka_info (stu_name, upload_time, is_late) values (%s, %s, %s);, val is: ('崔亦旭', '2020-12-07 22:53:39', 0)
2020-12-07 22:53:41,098 MySqlUtils INFO 1条记录插入成功。
2020-12-07 22:53:41,099 MySqlUtils INFO exec sql is: insert into daka_info (stu_name, upload_time, is_late) values (%s, %s, %s);, val is: ('耿书鹏', '2020-12-07 22:53:41', 0)
2020-12-07 22:53:43,522 MySqlUtils INFO 1条记录插入成功。
2020-12-07 22:53:43,523 MySqlUtils INFO exec sql is: insert into daka_info (stu_name, upload_time, is_late) values (%s, %s, %s);, val is: ('何志谦', '2020-12-07 22:53:43', 0)
2020-12-07 22:53:44,702 MySqlUtils INFO 1条记录插入成功。
2020-12-07 22:53:44,703 MySqlUtils INFO exec sql is: insert into daka_info (stu_name, upload_time, is_late) values (%s, %s, %s);, val is: ('黄凯', '2020-12-07 22:53:44', 0)
2020-12-07 22:53:46,783 MySqlUtils INFO 1条记录插入成功。
2020-12-07 22:53:46,784 MySqlUtils INFO exec sql is: insert into daka_info (stu_name, upload_time, is_late) values (%s, %s, %s);, val is: ('李伟', '2020-12-07 22:53:46', 0)
2020-12-07 22:53:47,977 MySqlUtils INFO 1条记录插入成功。
2020-12-07 22:53:47,978 MySqlUtils INFO exec sql is: insert into daka_info (stu_name, upload_time, is_late) values (%s, %s, %s);, val is: ('孟令页', '2020-12-07 22:53:47', 0)
2020-12-07 22:53:49,139 MySqlUtils INFO 1条记录插入成功。
2020-12-07 22:53:49,140 MySqlUtils INFO exec sql is: insert into daka_info (stu_name, upload_time, is_late) values (%s, %s, %s);, val is: ('史学冬', '2020-12-07 22:53:49', 0)
2020-12-07 22:53:50,817 MySqlUtils INFO 1条记录插入成功。
2020-12-07 22:53:50,818 MySqlUtils INFO exec sql is: insert into daka_info (stu_name, upload_time, is_late) values (%s, %s, %s);, val is: ('宋磊', '2020-12-07 22:53:50', 0)
2020-12-07 22:53:52,667 MySqlUtils INFO 1条记录插入成功。
2020-12-07 22:53:52,668 MySqlUtils INFO exec sql is: insert into daka_info (stu_name, upload_time, is_late) values (%s, %s, %s);, val is: ('王红雁', '2020-12-07 22:53:52', 0)
2020-12-07 22:53:53,822 MySqlUtils INFO 1条记录插入成功。
2020-12-07 22:53:53,823 MySqlUtils INFO exec sql is: insert into daka_info (stu_name, upload_time, is_late) values (%s, %s, %s);, val is: ('王茂军', '2020-12-07 22:53:53', 0)
2020-12-07 22:53:55,384 MySqlUtils INFO 1条记录插入成功。
2020-12-07 22:53:55,385 MySqlUtils INFO exec sql is: insert into daka_info (stu_name, upload_time, is_late) values (%s, %s, %s);, val is: ('王润生', '2020-12-07 22:53:55', 0)
2020-12-07 22:53:56,892 MySqlUtils INFO 1条记录插入成功。
2020-12-07 22:53:56,892 MySqlUtils INFO exec sql is: insert into daka_info (stu_name, upload_time, is_late) values (%s, %s, %s);, val is: ('伍麟', '2020-12-07 22:53:56', 0)
2020-12-07 22:53:59,677 MySqlUtils INFO 1条记录插入成功。
2020-12-07 22:53:59,678 MySqlUtils INFO exec sql is: insert into daka_info (stu_name, upload_time, is_late) values (%s, %s, %s);, val is: ('辛济远', '2020-12-07 22:53:59', 0)
2020-12-07 22:54:02,058 MySqlUtils INFO 1条记录插入成功。
2020-12-07 22:54:02,059 MySqlUtils INFO exec sql is: insert into daka_info (stu_name, upload_time, is_late) values (%s, %s, %s);, val is: ('薛超', '2020-12-07 22:54:02', 0)
2020-12-07 22:54:03,214 MySqlUtils INFO 1条记录插入成功。
2020-12-07 22:54:03,216 MySqlUtils INFO exec sql is: insert into daka_info (stu_name, upload_time, is_late) values (%s, %s, %s);, val is: ('袁振洪', '2020-12-07 22:54:03', 0)
2020-12-07 22:54:04,334 MySqlUtils INFO 1条记录插入成功。
2020-12-07 22:54:04,335 MySqlUtils INFO exec sql is: insert into daka_info (stu_name, upload_time, is_late) values (%s, %s, %s);, val is: ('张涛', '2020-12-07 22:54:04', 0)
2020-12-07 22:54:06,374 MySqlUtils INFO 1条记录插入成功。
2020-12-07 22:54:06,375 MySqlUtils INFO exec sql is: insert into daka_info (stu_name, upload_time, is_late) values (%s, %s, %s);, val is: ('赵乾宇', '2020-12-07 22:54:06', 0)
2020-12-07 22:54:07,482 MySqlUtils INFO 1条记录插入成功。
2020-12-13 20:27:24,774 MySqlUtils INFO 数据库连接sucessfully!
2020-12-13 20:27:24,901 MySqlUtils INFO exec sql is: insert into daka_info (stu_name, upload_time, is_late) values (%s, %s, %s);, val is: ('樊庆艳', '2020-12-13 20:27:24', 0)
2020-12-13 20:27:25,934 MySqlUtils INFO 1条记录插入成功。
2020-12-13 20:27:25,935 MySqlUtils INFO exec sql is: insert into daka_info (stu_name, upload_time, is_late) values (%s, %s, %s);, val is: ('盖建明', '2020-12-13 20:27:25', 0)
2020-12-13 20:27:26,938 MySqlUtils INFO 1条记录插入成功。
2020-12-13 20:27:26,940 MySqlUtils INFO exec sql is: insert into daka_info (stu_name, upload_time, is_late) values (%s, %s, %s);, val is: ('黄小钒', '2020-12-13 20:27:26', 0)
2020-12-13 20:27:27,933 MySqlUtils INFO 1条记录插入成功。
2020-12-13 20:27:27,934 MySqlUtils INFO exec sql is: insert into daka_info (stu_name, upload_time, is_late) values (%s, %s, %s);, val is: ('蒋广超', '2020-12-13 20:27:27', 0)
2020-12-13 20:27:28,933 MySqlUtils INFO 1条记录插入成功。
2020-12-13 20:27:28,934 MySqlUtils INFO exec sql is: insert into daka_info (stu_name, upload_time, is_late) values (%s, %s, %s);, val is: ('李光通', '2020-12-13 20:27:28', 0)
2020-12-13 20:27:29,933 MySqlUtils INFO 1条记录插入成功。
2020-12-13 20:27:29,934 MySqlUtils INFO exec sql is: insert into daka_info (stu_name, upload_time, is_late) values (%s, %s, %s);, val is: ('李炎', '2020-12-13 20:27:29', 0)
2020-12-13 20:27:30,988 MySqlUtils INFO 1条记录插入成功。
2020-12-13 20:27:30,989 MySqlUtils INFO exec sql is: insert into daka_info (stu_name, upload_time, is_late) values (%s, %s, %s);, val is: ('王诗宇', '2020-12-13 20:27:30', 0)
2020-12-13 20:27:32,573 MySqlUtils INFO 1条记录插入成功。
2020-12-13 20:27:32,575 MySqlUtils INFO exec sql is: insert into daka_info (stu_name, upload_time, is_late) values (%s, %s, %s);, val is: ('魏亚杰', '2020-12-13 20:27:32', 0)
2020-12-13 20:27:33,573 MySqlUtils INFO 1条记录插入成功。
2020-12-13 20:27:33,574 MySqlUtils INFO exec sql is: insert into daka_info (stu_name, upload_time, is_late) values (%s, %s, %s);, val is: ('张京京', '2020-12-13 20:27:33', 0)
2020-12-13 20:27:34,573 MySqlUtils INFO 1条记录插入成功。
2020-12-13 20:27:34,574 MySqlUtils INFO exec sql is: insert into daka_info (stu_name, upload_time, is_late) values (%s, %s, %s);, val is: ('朱祝纬', '2020-12-13 20:27:34', 0)
2020-12-13 20:27:35,573 MySqlUtils INFO 1条记录插入成功。
2020-12-13 20:27:35,574 MySqlUtils INFO exec sql is: insert into daka_info (stu_name, upload_time, is_late) values (%s, %s, %s);, val is: ('庄东燃', '2020-12-13 20:27:35', 0)
2020-12-13 20:27:36,573 MySqlUtils INFO 1条记录插入成功。
2020-12-16 17:33:33,622 MySqlUtils INFO 数据库连接sucessfully!
2020-12-19 19:56:35,077 MySqlUtils INFO 数据库连接sucessfully!
2020-12-19 19:57:04,047 MySqlUtils INFO 数据库连接sucessfully!
2020-12-19 19:59:05,506 MySqlUtils INFO 数据库连接sucessfully!
2020-12-19 20:01:51,875 MySqlUtils INFO 数据库连接sucessfully!
2020-12-19 20:01:51,876 MySqlUtils INFO exec sql is: insert into daka_info (stu_name, upload_time, is_late) values (%s, %s, %s);, val is: ('曾泽宇', '2020-12-19 20:01:51', 0)
2020-12-19 20:01:51,882 MySqlUtils INFO 1条记录插入成功。
2020-12-19 20:01:51,883 MySqlUtils INFO exec sql is: insert into daka_info (stu_name, upload_time, is_late) values (%s, %s, %s);, val is: ('杜巍', '2020-12-19 20:01:51', 0)
2020-12-19 20:01:51,884 MySqlUtils INFO 1条记录插入成功。
2020-12-19 20:01:51,885 MySqlUtils INFO exec sql is: insert into daka_info (stu_name, upload_time, is_late) values (%s, %s, %s);, val is: ('封智博', '2020-12-19 20:01:51', 0)
2020-12-19 20:01:51,887 MySqlUtils INFO 1条记录插入成功。
2020-12-19 20:01:51,887 MySqlUtils INFO exec sql is: insert into daka_info (stu_name, upload_time, is_late) values (%s, %s, %s);, val is: ('龚旭东', '2020-12-19 20:01:51', 0)
2020-12-19 20:01:51,889 MySqlUtils INFO 1条记录插入成功。
2020-12-19 20:01:51,890 MySqlUtils INFO exec sql is: insert into daka_info (stu_name, upload_time, is_late) values (%s, %s, %s);, val is: ('姜志超', '2020-12-19 20:01:51', 0)
2020-12-19 20:01:51,893 MySqlUtils INFO 1条记录插入成功。
2020-12-19 20:01:51,893 MySqlUtils INFO exec sql is: insert into daka_info (stu_name, upload_time, is_late) values (%s, %s, %s);, val is: ('刘元炬', '2020-12-19 20:01:51', 0)
2020-12-19 20:01:51,895 MySqlUtils INFO 1条记录插入成功。
2020-12-19 20:01:51,896 MySqlUtils INFO exec sql is: insert into daka_info (stu_name, upload_time, is_late) values (%s, %s, %s);, val is: ('马亮', '2020-12-19 20:01:51', 0)
2020-12-19 20:01:51,897 MySqlUtils INFO 1条记录插入成功。
2020-12-19 20:01:51,898 MySqlUtils INFO exec sql is: insert into daka_info (stu_name, upload_time, is_late) values (%s, %s, %s);, val is: ('潘学亮', '2020-12-19 20:01:51', 0)
2020-12-19 20:01:51,899 MySqlUtils INFO 1条记录插入成功。
2020-12-19 20:01:51,900 MySqlUtils INFO exec sql is: insert into daka_info (stu_name, upload_time, is_late) values (%s, %s, %s);, val is: ('祁磊', '2020-12-19 20:01:51', 0)
2020-12-19 20:01:51,902 MySqlUtils INFO 1条记录插入成功。
2020-12-19 20:01:51,902 MySqlUtils INFO exec sql is: insert into daka_info (stu_name, upload_time, is_late) values (%s, %s, %s);, val is: ('任萌飞', '2020-12-19 20:01:51', 0)
2020-12-19 20:01:51,904 MySqlUtils INFO 1条记录插入成功。
2020-12-19 20:01:51,904 MySqlUtils INFO exec sql is: insert into daka_info (stu_name, upload_time, is_late) values (%s, %s, %s);, val is: ('侍兴磊', '2020-12-19 20:01:51', 0)
2020-12-19 20:01:51,906 MySqlUtils INFO 1条记录插入成功。
2020-12-19 20:01:51,906 MySqlUtils INFO exec sql is: insert into daka_info (stu_name, upload_time, is_late) values (%s, %s, %s);, val is: ('陶怡聪', '2020-12-19 20:01:51', 0)
2020-12-19 20:01:51,908 MySqlUtils INFO 1条记录插入成功。
2020-12-19 20:01:51,909 MySqlUtils INFO exec sql is: insert into daka_info (stu_name, upload_time, is_late) values (%s, %s, %s);, val is: ('汪超', '2020-12-19 20:01:51', 0)
2020-12-19 20:01:51,911 MySqlUtils INFO 1条记录插入成功。
2020-12-19 20:01:51,911 MySqlUtils INFO exec sql is: insert into daka_info (stu_name, upload_time, is_late) values (%s, %s, %s);, val is: ('王庆萍', '2020-12-19 20:01:51', 0)
2020-12-19 20:01:51,913 MySqlUtils INFO 1条记录插入成功。
2020-12-19 20:01:51,914 MySqlUtils INFO exec sql is: insert into daka_info (stu_name, upload_time, is_late) values (%s, %s, %s);, val is: ('王诗宇', '2020-12-19 20:01:51', 0)
2020-12-19 20:01:51,915 MySqlUtils INFO 1条记录插入成功。
2020-12-19 20:01:51,916 MySqlUtils INFO exec sql is: insert into daka_info (stu_name, upload_time, is_late) values (%s, %s, %s);, val is: ('EL', '2020-12-19 20:01:51', 0)
2020-12-19 20:01:51,919 MySqlUtils INFO 1条记录插入成功。
2020-12-19 20:01:51,919 MySqlUtils INFO exec sql is: insert into daka_info (stu_name, upload_time, is_late) values (%s, %s, %s);, val is: ('薛超', '2020-12-19 20:01:51', 0)
2020-12-19 20:01:51,921 MySqlUtils INFO 1条记录插入成功。
2020-12-19 20:01:51,921 MySqlUtils INFO exec sql is: insert into daka_info (stu_name, upload_time, is_late) values (%s, %s, %s);, val is: ('闫云龙', '2020-12-19 20:01:51', 0)
2020-12-19 20:01:51,923 MySqlUtils INFO 1条记录插入成功。
2020-12-19 20:01:51,923 MySqlUtils INFO exec sql is: insert into daka_info (stu_name, upload_time, is_late) values (%s, %s, %s);, val is: ('张涛', '2020-12-19 20:01:51', 0)
2020-12-19 20:01:51,925 MySqlUtils INFO 1条记录插入成功。
2020-12-19 20:01:51,925 MySqlUtils INFO exec sql is: insert into daka_info (stu_name, upload_time, is_late) values (%s, %s, %s);, val is: ('加载中', '2020-12-19 20:01:51', 0)
2020-12-19 20:01:51,927 MySqlUtils INFO 1条记录插入成功。
2020-12-23 22:34:25,752 MySqlUtils INFO 数据库连接sucessfully!
2020-12-23 22:34:25,757 MySqlUtils INFO exec sql is: insert into daka_info (stu_name, upload_time, is_late) values (%s, %s, %s);, val is: ('陈维彦', '2020-12-23 22:34:25', 0)
2020-12-23 22:34:25,808 MySqlUtils INFO 1条记录插入成功。
2020-12-23 22:34:25,808 MySqlUtils INFO exec sql is: insert into daka_info (stu_name, upload_time, is_late) values (%s, %s, %s);, val is: ('陈政伟', '2020-12-23 22:34:25', 0)
2020-12-23 22:34:25,810 MySqlUtils INFO 1条记录插入成功。
2020-12-23 22:34:25,811 MySqlUtils INFO exec sql is: insert into daka_info (stu_name, upload_time, is_late) values (%s, %s, %s);, val is: ('耿书鹏', '2020-12-23 22:34:25', 0)
2020-12-23 22:34:25,812 MySqlUtils INFO 1条记录插入成功。
2020-12-23 22:34:25,813 MySqlUtils INFO exec sql is: insert into daka_info (stu_name, upload_time, is_late) values (%s, %s, %s);, val is: ('唐健伟', '2020-12-23 22:34:25', 0)
2020-12-23 22:34:25,814 MySqlUtils INFO 1条记录插入成功。
2020-12-23 22:34:25,815 MySqlUtils INFO exec sql is: insert into daka_info (stu_name, upload_time, is_late) values (%s, %s, %s);, val is: ('超', '2020-12-23 22:34:25', 0)
2020-12-23 22:34:25,816 MySqlUtils INFO 1条记录插入成功。
2020-12-23 22:34:25,817 MySqlUtils INFO exec sql is: insert into daka_info (stu_name, upload_time, is_late) values (%s, %s, %s);, val is: ('王茂军', '2020-12-23 22:34:25', 0)
2020-12-23 22:34:25,818 MySqlUtils INFO 1条记录插入成功。
2020-12-23 22:34:25,819 MySqlUtils INFO exec sql is: insert into daka_info (stu_name, upload_time, is_late) values (%s, %s, %s);, val is: ('袁振洪', '2020-12-23 22:34:25', 0)
2020-12-23 22:34:25,821 MySqlUtils INFO 1条记录插入成功。
2020-12-23 22:34:25,821 MySqlUtils INFO exec sql is: insert into daka_info (stu_name, upload_time, is_late) values (%s, %s, %s);, val is: ('张伟楠', '2020-12-23 22:34:25', 0)
2020-12-23 22:34:25,823 MySqlUtils INFO 1条记录插入成功。
2020-12-23 22:34:25,823 MySqlUtils INFO exec sql is: insert into daka_info (stu_name, upload_time, is_late) values (%s, %s, %s);, val is: ('赵乾宇', '2020-12-23 22:34:25', 0)
2020-12-23 22:34:25,825 MySqlUtils INFO 1条记录插入成功。
2020-12-23 22:34:25,825 MySqlUtils INFO exec sql is: insert into daka_info (stu_name, upload_time, is_late) values (%s, %s, %s);, val is: ('赵晓然', '2020-12-23 22:34:25', 0)
2020-12-23 22:34:25,827 MySqlUtils INFO 1条记录插入成功。
2020-12-23 22:38:08,171 MySqlUtils INFO 数据库连接sucessfully!
2020-12-23 22:38:08,172 MySqlUtils INFO exec sql is: insert into daka_info (stu_name, upload_time, is_late) values (%s, %s, %s);, val is: ('陈维彦', '2020-12-23 22:38:08', 0)
2020-12-23 22:38:08,174 MySqlUtils INFO 1条记录插入成功。
2020-12-23 22:38:08,175 MySqlUtils INFO exec sql is: insert into daka_info (stu_name, upload_time, is_late) values (%s, %s, %s);, val is: ('陈政伟', '2020-12-23 22:38:08', 0)
2020-12-23 22:38:08,176 MySqlUtils INFO 1条记录插入成功。
2020-12-23 22:38:08,177 MySqlUtils INFO exec sql is: insert into daka_info (stu_name, upload_time, is_late) values (%s, %s, %s);, val is: ('耿书鹏', '2020-12-23 22:38:08', 0)
2020-12-23 22:38:08,180 MySqlUtils INFO 1条记录插入成功。
2020-12-23 22:38:08,180 MySqlUtils INFO exec sql is: insert into daka_info (stu_name, upload_time, is_late) values (%s, %s, %s);, val is: ('唐健伟', '2020-12-23 22:38:08', 0)
2020-12-23 22:38:08,182 MySqlUtils INFO 1条记录插入成功。
2020-12-23 22:38:08,182 MySqlUtils INFO exec sql is: insert into daka_info (stu_name, upload_time, is_late) values (%s, %s, %s);, val is: ('超', '2020-12-23 22:38:08', 0)
2020-12-23 22:38:08,184 MySqlUtils INFO 1条记录插入成功。
2020-12-23 22:38:08,184 MySqlUtils INFO exec sql is: insert into daka_info (stu_name, upload_time, is_late) values (%s, %s, %s);, val is: ('王茂军', '2020-12-23 22:38:08', 0)
2020-12-23 22:38:08,186 MySqlUtils INFO 1条记录插入成功。
2020-12-23 22:38:08,187 MySqlUtils INFO exec sql is: insert into daka_info (stu_name, upload_time, is_late) values (%s, %s, %s);, val is: ('袁振洪', '2020-12-23 22:38:08', 0)
2020-12-23 22:38:08,188 MySqlUtils INFO 1条记录插入成功。
2020-12-23 22:38:08,189 MySqlUtils INFO exec sql is: insert into daka_info (stu_name, upload_time, is_late) values (%s, %s, %s);, val is: ('张伟楠', '2020-12-23 22:38:08', 0)
2020-12-23 22:38:08,190 MySqlUtils INFO 1条记录插入成功。
2020-12-23 22:38:08,191 MySqlUtils INFO exec sql is: insert into daka_info (stu_name, upload_time, is_late) values (%s, %s, %s);, val is: ('赵乾宇', '2020-12-23 22:38:08', 0)
2020-12-23 22:38:08,192 MySqlUtils INFO 1条记录插入成功。
2020-12-23 22:38:08,193 MySqlUtils INFO exec sql is: insert into daka_info (stu_name, upload_time, is_late) values (%s, %s, %s);, val is: ('赵晓然', '2020-12-23 22:38:08', 0)
2020-12-23 22:38:08,194 MySqlUtils INFO 1条记录插入成功。
2020-12-23 22:41:10,343 MySqlUtils INFO 数据库连接sucessfully!
2020-12-23 22:41:10,344 MySqlUtils INFO exec sql is: insert into daka_info (stu_name, upload_time, is_late) values (%s, %s, %s);, val is: ('陈维彦', '2020-12-23 22:41:10', 0)
2020-12-23 22:41:10,348 MySqlUtils INFO 1条记录插入成功。
2020-12-23 22:41:10,348 MySqlUtils INFO exec sql is: insert into daka_info (stu_name, upload_time, is_late) values (%s, %s, %s);, val is: ('陈政伟', '2020-12-23 22:41:10', 0)
2020-12-23 22:41:10,350 MySqlUtils INFO 1条记录插入成功。
2020-12-23 22:41:10,351 MySqlUtils INFO exec sql is: insert into daka_info (stu_name, upload_time, is_late) values (%s, %s, %s);, val is: ('耿书鹏', '2020-12-23 22:41:10', 0)
2020-12-23 22:41:10,353 MySqlUtils INFO 1条记录插入成功。
2020-12-23 22:41:10,355 MySqlUtils INFO exec sql is: insert into daka_info (stu_name, upload_time, is_late) values (%s, %s, %s);, val is: ('唐健伟', '2020-12-23 22:41:10', 0)
2020-12-23 22:41:10,356 MySqlUtils INFO 1条记录插入成功。
2020-12-23 22:41:10,357 MySqlUtils INFO exec sql is: insert into daka_info (stu_name, upload_time, is_late) values (%s, %s, %s);, val is: ('超', '2020-12-23 22:41:10', 0)
2020-12-23 22:41:10,359 MySqlUtils INFO 1条记录插入成功。
2020-12-23 22:41:10,360 MySqlUtils INFO exec sql is: insert into daka_info (stu_name, upload_time, is_late) values (%s, %s, %s);, val is: ('王茂军', '2020-12-23 22:41:10', 0)
2020-12-23 22:41:10,361 MySqlUtils INFO 1条记录插入成功。
2020-12-23 22:41:10,362 MySqlUtils INFO exec sql is: insert into daka_info (stu_name, upload_time, is_late) values (%s, %s, %s);, val is: ('袁振洪', '2020-12-23 22:41:10', 0)
2020-12-23 22:41:10,365 MySqlUtils INFO 1条记录插入成功。
2020-12-23 22:41:10,367 MySqlUtils INFO exec sql is: insert into daka_info (stu_name, upload_time, is_late) values (%s, %s, %s);, val is: ('张伟楠', '2020-12-23 22:41:10', 0)
2020-12-23 22:41:10,368 MySqlUtils INFO 1条记录插入成功。
2020-12-23 22:41:10,369 MySqlUtils INFO exec sql is: insert into daka_info (stu_name, upload_time, is_late) values (%s, %s, %s);, val is: ('赵乾宇', '2020-12-23 22:41:10', 0)
2020-12-23 22:41:10,371 MySqlUtils INFO 1条记录插入成功。
2020-12-23 22:41:10,372 MySqlUtils INFO exec sql is: insert into daka_info (stu_name, upload_time, is_late) values (%s, %s, %s);, val is: ('赵晓然', '2020-12-23 22:41:10', 0)
2020-12-23 22:41:10,375 MySqlUtils INFO 1条记录插入成功。
